nohup: ignoring input
Building...
info: Microsoft.EntityFrameworkCore.Database.Command[20101]
      Executed DbCommand (13ms) [Parameters=[], CommandType='Text', CommandTimeout='30']
      SELECT 1
info: Microsoft.EntityFrameworkCore.Database.Command[20101]
      Executed DbCommand (10ms) [Parameters=[], CommandType='Text', CommandTimeout='30']
      
      IF EXISTS
          (SELECT *
           FROM [sys].[objects] o
           WHERE [o].[type] = 'U'
           AND [o].[is_ms_shipped] = 0
           AND NOT EXISTS (SELECT *
               FROM [sys].[extended_properties] AS [ep]
               WHERE [ep].[major_id] = [o].[object_id]
                   AND [ep].[minor_id] = 0
                   AND [ep].[class] = 1
                   AND [ep].[name] = N'microsoft_database_tools_support'
          )
      )
      SELECT 1 ELSE SELECT 0
info: Microsoft.EntityFrameworkCore.Database.Command[20101]
      Executed DbCommand (2ms) [Parameters=[], CommandType='Text', CommandTimeout='30']
      SELECT CASE
          WHEN EXISTS (
              SELECT 1
              FROM [Users] AS [u]) THEN CAST(1 AS bit)
          ELSE CAST(0 AS bit)
      END
warn: Microsoft.AspNetCore.Server.Kestrel[0]
      Overriding address(es) 'http://localhost:5059'. Binding to endpoints defined via IConfiguration and/or UseKestrel() instead.
info: Microsoft.Hosting.Lifetime[14]
      Now listening on: http://0.0.0.0:5059
info: Microsoft.Hosting.Lifetime[0]
      Application started. Press Ctrl+C to shut down.
info: Microsoft.Hosting.Lifetime[0]
      Hosting environment: Development
info: Microsoft.Hosting.Lifetime[0]
      Content root path: /home/ubuntu/Thakkirni.API
info: Microsoft.EntityFrameworkCore.Database.Command[20101]
      Executed DbCommand (27ms) [Parameters=[@__loginDto_Email_0='?' (Size = 100)], CommandType='Text', CommandTimeout='30']
      SELECT TOP(1) [u].[Id], [u].[Avatar], [u].[DepartmentId], [u].[Email], [u].[Name], [u].[NationalId], [u].[Role]
      FROM [Users] AS [u]
      WHERE [u].[Email] = @__loginDto_Email_0
info: Microsoft.EntityFrameworkCore.Database.Command[20101]
      Executed DbCommand (7ms) [Parameters=[@__p_1='?' (DbType = Int32), @__userId_0='?' (DbType = Int32)], CommandType='Text', CommandTimeout='30']
      SELECT TOP(@__p_1) [n].[Id], [n].[Body], [n].[CreatedAt], [n].[IsRead], [n].[Title], [n].[UserId]
      FROM [Notifications] AS [n]
      WHERE [n].[UserId] = @__userId_0
      ORDER BY [n].[CreatedAt] DESC
info: Microsoft.EntityFrameworkCore.Database.Command[20101]
      Executed DbCommand (2ms) [Parameters=[], CommandType='Text', CommandTimeout='30']
      SELECT [u].[Id], [u].[Name], [u].[Email], [u].[NationalId], [u].[Role], [u].[Avatar], [u].[DepartmentId]
      FROM [Users] AS [u]
warn: Microsoft.EntityFrameworkCore.Query[20504]
      Compiling a query which loads related collections for more than one collection navigation, either via 'Include' or through projection, but no 'QuerySplittingBehavior' has been configured. By default, Entity Framework will use 'QuerySplittingBehavior.SingleQuery', which can potentially result in slow query performance. See https://go.microsoft.com/fwlink/?linkid=2134277 for more information. To identify the query that's triggering this warning call 'ConfigureWarnings(w => w.Throw(RelationalEventId.MultipleCollectionIncludeWarning))'.
info: Microsoft.EntityFrameworkCore.Database.Command[20101]
      Executed DbCommand (2ms) [Parameters=[@__departmentId_Value_0='?' (DbType = Int32)], CommandType='Text', CommandTimeout='30']
      SELECT [i].[Id], [i].[CommitteeType], [i].[CreatedAt], [i].[CreatedById], [i].[DepartmentId], [i].[Description], [i].[DueDate], [i].[Importance], [i].[ItemNumber], [i].[Status], [i].[Title], [i].[Type], [i].[UpdatedAt], [i0].[Id], [i0].[ItemId], [i0].[UserId], [i1].[Id], [i1].[ItemId], [i1].[UserId]
      FROM [Items] AS [i]
      LEFT JOIN [ItemMembers] AS [i0] ON [i].[Id] = [i0].[ItemId]
      LEFT JOIN [ItemAssignees] AS [i1] ON [i].[Id] = [i1].[ItemId]
      WHERE [i].[DepartmentId] = @__departmentId_Value_0
      ORDER BY [i].[Id], [i0].[Id]
info: Microsoft.EntityFrameworkCore.Database.Command[20101]
      Executed DbCommand (2ms) [Parameters=[@__userId_0='?' (DbType = Int32)], CommandType='Text', CommandTimeout='30']
      SELECT [c].[ItemId], COUNT(*) AS [Count]
      FROM [ChatMessages] AS [c]
      WHERE NOT EXISTS (
          SELECT 1
          FROM [MessageReadStatuses] AS [m]
          WHERE [m].[MessageId] = [c].[Id] AND [m].[UserId] = @__userId_0)
      GROUP BY [c].[ItemId]
info: Microsoft.EntityFrameworkCore.Database.Command[20101]
      Executed DbCommand (1ms) [Parameters=[], CommandType='Text', CommandTimeout='30']
      SELECT [u].[Id], [u].[Name], [u].[Email], [u].[NationalId], [u].[Role], [u].[Avatar], [u].[DepartmentId]
      FROM [Users] AS [u]
info: Microsoft.EntityFrameworkCore.Database.Command[20101]
      Executed DbCommand (2ms) [Parameters=[@__departmentId_Value_0='?' (DbType = Int32)], CommandType='Text', CommandTimeout='30']
      SELECT [i].[Id], [i].[CommitteeType], [i].[CreatedAt], [i].[CreatedById], [i].[DepartmentId], [i].[Description], [i].[DueDate], [i].[Importance], [i].[ItemNumber], [i].[Status], [i].[Title], [i].[Type], [i].[UpdatedAt], [i0].[Id], [i0].[ItemId], [i0].[UserId], [i1].[Id], [i1].[ItemId], [i1].[UserId]
      FROM [Items] AS [i]
      LEFT JOIN [ItemMembers] AS [i0] ON [i].[Id] = [i0].[ItemId]
      LEFT JOIN [ItemAssignees] AS [i1] ON [i].[Id] = [i1].[ItemId]
      WHERE [i].[DepartmentId] = @__departmentId_Value_0
      ORDER BY [i].[Id], [i0].[Id]
info: Microsoft.EntityFrameworkCore.Database.Command[20101]
      Executed DbCommand (1ms) [Parameters=[@__userId_0='?' (DbType = Int32)], CommandType='Text', CommandTimeout='30']
      SELECT [c].[ItemId], COUNT(*) AS [Count]
      FROM [ChatMessages] AS [c]
      WHERE NOT EXISTS (
          SELECT 1
          FROM [MessageReadStatuses] AS [m]
          WHERE [m].[MessageId] = [c].[Id] AND [m].[UserId] = @__userId_0)
      GROUP BY [c].[ItemId]
info: Microsoft.EntityFrameworkCore.Database.Command[20101]
      Executed DbCommand (1ms) [Parameters=[@__p_1='?' (DbType = Int32), @__userId_0='?' (DbType = Int32)], CommandType='Text', CommandTimeout='30']
      SELECT TOP(@__p_1) [n].[Id], [n].[Body], [n].[CreatedAt], [n].[IsRead], [n].[Title], [n].[UserId]
      FROM [Notifications] AS [n]
      WHERE [n].[UserId] = @__userId_0
      ORDER BY [n].[CreatedAt] DESC
info: Microsoft.EntityFrameworkCore.Database.Command[20101]
      Executed DbCommand (1ms) [Parameters=[@__loginDto_Email_0='?' (Size = 100)], CommandType='Text', CommandTimeout='30']
      SELECT TOP(1) [u].[Id], [u].[Avatar], [u].[DepartmentId], [u].[Email], [u].[Name], [u].[NationalId], [u].[Role]
      FROM [Users] AS [u]
      WHERE [u].[Email] = @__loginDto_Email_0
info: Microsoft.EntityFrameworkCore.Database.Command[20101]
      Executed DbCommand (2ms) [Parameters=[@__departmentId_Value_0='?' (DbType = Int32)], CommandType='Text', CommandTimeout='30']
      SELECT [i].[Id], [i].[CommitteeType], [i].[CreatedAt], [i].[CreatedById], [i].[DepartmentId], [i].[Description], [i].[DueDate], [i].[Importance], [i].[ItemNumber], [i].[Status], [i].[Title], [i].[Type], [i].[UpdatedAt], [i0].[Id], [i0].[ItemId], [i0].[UserId], [i1].[Id], [i1].[ItemId], [i1].[UserId]
      FROM [Items] AS [i]
      LEFT JOIN [ItemMembers] AS [i0] ON [i].[Id] = [i0].[ItemId]
      LEFT JOIN [ItemAssignees] AS [i1] ON [i].[Id] = [i1].[ItemId]
      WHERE [i].[DepartmentId] = @__departmentId_Value_0
      ORDER BY [i].[Id], [i0].[Id]
info: Microsoft.EntityFrameworkCore.Database.Command[20101]
      Executed DbCommand (1ms) [Parameters=[@__p_1='?' (DbType = Int32), @__userId_0='?' (DbType = Int32)], CommandType='Text', CommandTimeout='30']
      SELECT TOP(@__p_1) [n].[Id], [n].[Body], [n].[CreatedAt], [n].[IsRead], [n].[Title], [n].[UserId]
      FROM [Notifications] AS [n]
      WHERE [n].[UserId] = @__userId_0
      ORDER BY [n].[CreatedAt] DESC
info: Microsoft.EntityFrameworkCore.Database.Command[20101]
      Executed DbCommand (1ms) [Parameters=[@__userId_0='?' (DbType = Int32)], CommandType='Text', CommandTimeout='30']
      SELECT [c].[ItemId], COUNT(*) AS [Count]
      FROM [ChatMessages] AS [c]
      WHERE NOT EXISTS (
          SELECT 1
          FROM [MessageReadStatuses] AS [m]
          WHERE [m].[MessageId] = [c].[Id] AND [m].[UserId] = @__userId_0)
      GROUP BY [c].[ItemId]
info: Microsoft.EntityFrameworkCore.Database.Command[20101]
      Executed DbCommand (1ms) [Parameters=[], CommandType='Text', CommandTimeout='30']
      SELECT [u].[Id], [u].[Name], [u].[Email], [u].[NationalId], [u].[Role], [u].[Avatar], [u].[DepartmentId]
      FROM [Users] AS [u]
info: Microsoft.EntityFrameworkCore.Database.Command[20101]
      Executed DbCommand (2ms) [Parameters=[@__departmentId_Value_0='?' (DbType = Int32)], CommandType='Text', CommandTimeout='30']
      SELECT [i].[Id], [i].[CommitteeType], [i].[CreatedAt], [i].[CreatedById], [i].[DepartmentId], [i].[Description], [i].[DueDate], [i].[Importance], [i].[ItemNumber], [i].[Status], [i].[Title], [i].[Type], [i].[UpdatedAt], [i0].[Id], [i0].[ItemId], [i0].[UserId], [i1].[Id], [i1].[ItemId], [i1].[UserId]
      FROM [Items] AS [i]
      LEFT JOIN [ItemMembers] AS [i0] ON [i].[Id] = [i0].[ItemId]
      LEFT JOIN [ItemAssignees] AS [i1] ON [i].[Id] = [i1].[ItemId]
      WHERE [i].[DepartmentId] = @__departmentId_Value_0
      ORDER BY [i].[Id], [i0].[Id]
info: Microsoft.EntityFrameworkCore.Database.Command[20101]
      Executed DbCommand (1ms) [Parameters=[@__userId_0='?' (DbType = Int32)], CommandType='Text', CommandTimeout='30']
      SELECT [c].[ItemId], COUNT(*) AS [Count]
      FROM [ChatMessages] AS [c]
      WHERE NOT EXISTS (
          SELECT 1
          FROM [MessageReadStatuses] AS [m]
          WHERE [m].[MessageId] = [c].[Id] AND [m].[UserId] = @__userId_0)
      GROUP BY [c].[ItemId]
info: Microsoft.EntityFrameworkCore.Database.Command[20101]
      Executed DbCommand (4ms) [Parameters=[@__departmentId_Value_0='?' (DbType = Int32)], CommandType='Text', CommandTimeout='30']
      SELECT [i].[Id], [i].[CommitteeType], [i].[CreatedAt], [i].[CreatedById], [i].[DepartmentId], [i].[Description], [i].[DueDate], [i].[Importance], [i].[ItemNumber], [i].[Status], [i].[Title], [i].[Type], [i].[UpdatedAt], [i0].[Id], [i0].[ItemId], [i0].[UserId], [i1].[Id], [i1].[ItemId], [i1].[UserId]
      FROM [Items] AS [i]
      LEFT JOIN [ItemMembers] AS [i0] ON [i].[Id] = [i0].[ItemId]
      LEFT JOIN [ItemAssignees] AS [i1] ON [i].[Id] = [i1].[ItemId]
      WHERE [i].[DepartmentId] = @__departmentId_Value_0
      ORDER BY [i].[Id], [i0].[Id]
info: Microsoft.EntityFrameworkCore.Database.Command[20101]
      Executed DbCommand (1ms) [Parameters=[@__p_1='?' (DbType = Int32), @__userId_0='?' (DbType = Int32)], CommandType='Text', CommandTimeout='30']
      SELECT TOP(@__p_1) [n].[Id], [n].[Body], [n].[CreatedAt], [n].[IsRead], [n].[Title], [n].[UserId]
      FROM [Notifications] AS [n]
      WHERE [n].[UserId] = @__userId_0
      ORDER BY [n].[CreatedAt] DESC
info: Microsoft.EntityFrameworkCore.Database.Command[20101]
      Executed DbCommand (7ms) [Parameters=[], CommandType='Text', CommandTimeout='30']
      SELECT [u].[Id], [u].[Name], [u].[Email], [u].[NationalId], [u].[Role], [u].[Avatar], [u].[DepartmentId]
      FROM [Users] AS [u]
info: Microsoft.EntityFrameworkCore.Database.Command[20101]
      Executed DbCommand (3ms) [Parameters=[@__userId_0='?' (DbType = Int32)], CommandType='Text', CommandTimeout='30']
      SELECT [c].[ItemId], COUNT(*) AS [Count]
      FROM [ChatMessages] AS [c]
      WHERE NOT EXISTS (
          SELECT 1
          FROM [MessageReadStatuses] AS [m]
          WHERE [m].[MessageId] = [c].[Id] AND [m].[UserId] = @__userId_0)
      GROUP BY [c].[ItemId]
info: Microsoft.EntityFrameworkCore.Database.Command[20101]
      Executed DbCommand (2ms) [Parameters=[@__departmentId_Value_0='?' (DbType = Int32)], CommandType='Text', CommandTimeout='30']
      SELECT [i].[Id], [i].[CommitteeType], [i].[CreatedAt], [i].[CreatedById], [i].[DepartmentId], [i].[Description], [i].[DueDate], [i].[Importance], [i].[ItemNumber], [i].[Status], [i].[Title], [i].[Type], [i].[UpdatedAt], [i0].[Id], [i0].[ItemId], [i0].[UserId], [i1].[Id], [i1].[ItemId], [i1].[UserId]
      FROM [Items] AS [i]
      LEFT JOIN [ItemMembers] AS [i0] ON [i].[Id] = [i0].[ItemId]
      LEFT JOIN [ItemAssignees] AS [i1] ON [i].[Id] = [i1].[ItemId]
      WHERE [i].[DepartmentId] = @__departmentId_Value_0
      ORDER BY [i].[Id], [i0].[Id]
info: Microsoft.EntityFrameworkCore.Database.Command[20101]
      Executed DbCommand (1ms) [Parameters=[], CommandType='Text', CommandTimeout='30']
      SELECT [u].[Id], [u].[Name], [u].[Email], [u].[NationalId], [u].[Role], [u].[Avatar], [u].[DepartmentId]
      FROM [Users] AS [u]
info: Microsoft.EntityFrameworkCore.Database.Command[20101]
      Executed DbCommand (1ms) [Parameters=[@__userId_0='?' (DbType = Int32)], CommandType='Text', CommandTimeout='30']
      SELECT [c].[ItemId], COUNT(*) AS [Count]
      FROM [ChatMessages] AS [c]
      WHERE NOT EXISTS (
          SELECT 1
          FROM [MessageReadStatuses] AS [m]
          WHERE [m].[MessageId] = [c].[Id] AND [m].[UserId] = @__userId_0)
      GROUP BY [c].[ItemId]
info: Microsoft.EntityFrameworkCore.Database.Command[20101]
      Executed DbCommand (1ms) [Parameters=[@__p_1='?' (DbType = Int32), @__userId_0='?' (DbType = Int32)], CommandType='Text', CommandTimeout='30']
      SELECT TOP(@__p_1) [n].[Id], [n].[Body], [n].[CreatedAt], [n].[IsRead], [n].[Title], [n].[UserId]
      FROM [Notifications] AS [n]
      WHERE [n].[UserId] = @__userId_0
      ORDER BY [n].[CreatedAt] DESC
info: Microsoft.EntityFrameworkCore.Database.Command[20101]
      Executed DbCommand (2ms) [Parameters=[@__departmentId_Value_0='?' (DbType = Int32)], CommandType='Text', CommandTimeout='30']
      SELECT [i].[Id], [i].[CommitteeType], [i].[CreatedAt], [i].[CreatedById], [i].[DepartmentId], [i].[Description], [i].[DueDate], [i].[Importance], [i].[ItemNumber], [i].[Status], [i].[Title], [i].[Type], [i].[UpdatedAt], [i0].[Id], [i0].[ItemId], [i0].[UserId], [i1].[Id], [i1].[ItemId], [i1].[UserId]
      FROM [Items] AS [i]
      LEFT JOIN [ItemMembers] AS [i0] ON [i].[Id] = [i0].[ItemId]
      LEFT JOIN [ItemAssignees] AS [i1] ON [i].[Id] = [i1].[ItemId]
      WHERE [i].[DepartmentId] = @__departmentId_Value_0
      ORDER BY [i].[Id], [i0].[Id]
info: Microsoft.EntityFrameworkCore.Database.Command[20101]
      Executed DbCommand (1ms) [Parameters=[@__userId_0='?' (DbType = Int32)], CommandType='Text', CommandTimeout='30']
      SELECT [c].[ItemId], COUNT(*) AS [Count]
      FROM [ChatMessages] AS [c]
      WHERE NOT EXISTS (
          SELECT 1
          FROM [MessageReadStatuses] AS [m]
          WHERE [m].[MessageId] = [c].[Id] AND [m].[UserId] = @__userId_0)
      GROUP BY [c].[ItemId]
info: Microsoft.EntityFrameworkCore.Database.Command[20101]
      Executed DbCommand (1ms) [Parameters=[], CommandType='Text', CommandTimeout='30']
      SELECT [u].[Id], [u].[Name], [u].[Email], [u].[NationalId], [u].[Role], [u].[Avatar], [u].[DepartmentId]
      FROM [Users] AS [u]
info: Microsoft.EntityFrameworkCore.Database.Command[20101]
      Executed DbCommand (1ms) [Parameters=[@__p_1='?' (DbType = Int32), @__userId_0='?' (DbType = Int32)], CommandType='Text', CommandTimeout='30']
      SELECT TOP(@__p_1) [n].[Id], [n].[Body], [n].[CreatedAt], [n].[IsRead], [n].[Title], [n].[UserId]
      FROM [Notifications] AS [n]
      WHERE [n].[UserId] = @__userId_0
      ORDER BY [n].[CreatedAt] DESC
info: Microsoft.EntityFrameworkCore.Database.Command[20101]
      Executed DbCommand (2ms) [Parameters=[@__departmentId_Value_0='?' (DbType = Int32)], CommandType='Text', CommandTimeout='30']
      SELECT [i].[Id], [i].[CommitteeType], [i].[CreatedAt], [i].[CreatedById], [i].[DepartmentId], [i].[Description], [i].[DueDate], [i].[Importance], [i].[ItemNumber], [i].[Status], [i].[Title], [i].[Type], [i].[UpdatedAt], [i0].[Id], [i0].[ItemId], [i0].[UserId], [i1].[Id], [i1].[ItemId], [i1].[UserId]
      FROM [Items] AS [i]
      LEFT JOIN [ItemMembers] AS [i0] ON [i].[Id] = [i0].[ItemId]
      LEFT JOIN [ItemAssignees] AS [i1] ON [i].[Id] = [i1].[ItemId]
      WHERE [i].[DepartmentId] = @__departmentId_Value_0
      ORDER BY [i].[Id], [i0].[Id]
info: Microsoft.EntityFrameworkCore.Database.Command[20101]
      Executed DbCommand (1ms) [Parameters=[@__userId_0='?' (DbType = Int32)], CommandType='Text', CommandTimeout='30']
      SELECT [c].[ItemId], COUNT(*) AS [Count]
      FROM [ChatMessages] AS [c]
      WHERE NOT EXISTS (
          SELECT 1
          FROM [MessageReadStatuses] AS [m]
          WHERE [m].[MessageId] = [c].[Id] AND [m].[UserId] = @__userId_0)
      GROUP BY [c].[ItemId]
info: Microsoft.EntityFrameworkCore.Database.Command[20101]
      Executed DbCommand (1ms) [Parameters=[@__departmentId_Value_0='?' (DbType = Int32)], CommandType='Text', CommandTimeout='30']
      SELECT [i].[Id], [i].[CommitteeType], [i].[CreatedAt], [i].[CreatedById], [i].[DepartmentId], [i].[Description], [i].[DueDate], [i].[Importance], [i].[ItemNumber], [i].[Status], [i].[Title], [i].[Type], [i].[UpdatedAt], [i0].[Id], [i0].[ItemId], [i0].[UserId], [i1].[Id], [i1].[ItemId], [i1].[UserId]
      FROM [Items] AS [i]
      LEFT JOIN [ItemMembers] AS [i0] ON [i].[Id] = [i0].[ItemId]
      LEFT JOIN [ItemAssignees] AS [i1] ON [i].[Id] = [i1].[ItemId]
      WHERE [i].[DepartmentId] = @__departmentId_Value_0
      ORDER BY [i].[Id], [i0].[Id]
info: Microsoft.EntityFrameworkCore.Database.Command[20101]
      Executed DbCommand (1ms) [Parameters=[], CommandType='Text', CommandTimeout='30']
      SELECT [u].[Id], [u].[Name], [u].[Email], [u].[NationalId], [u].[Role], [u].[Avatar], [u].[DepartmentId]
      FROM [Users] AS [u]
info: Microsoft.EntityFrameworkCore.Database.Command[20101]
      Executed DbCommand (1ms) [Parameters=[@__userId_0='?' (DbType = Int32)], CommandType='Text', CommandTimeout='30']
      SELECT [c].[ItemId], COUNT(*) AS [Count]
      FROM [ChatMessages] AS [c]
      WHERE NOT EXISTS (
          SELECT 1
          FROM [MessageReadStatuses] AS [m]
          WHERE [m].[MessageId] = [c].[Id] AND [m].[UserId] = @__userId_0)
      GROUP BY [c].[ItemId]
info: Microsoft.EntityFrameworkCore.Database.Command[20101]
      Executed DbCommand (2ms) [Parameters=[@__p_1='?' (DbType = Int32), @__userId_0='?' (DbType = Int32)], CommandType='Text', CommandTimeout='30']
      SELECT TOP(@__p_1) [n].[Id], [n].[Body], [n].[CreatedAt], [n].[IsRead], [n].[Title], [n].[UserId]
      FROM [Notifications] AS [n]
      WHERE [n].[UserId] = @__userId_0
      ORDER BY [n].[CreatedAt] DESC
info: Microsoft.EntityFrameworkCore.Database.Command[20101]
      Executed DbCommand (2ms) [Parameters=[@__departmentId_Value_0='?' (DbType = Int32)], CommandType='Text', CommandTimeout='30']
      SELECT [i].[Id], [i].[CommitteeType], [i].[CreatedAt], [i].[CreatedById], [i].[DepartmentId], [i].[Description], [i].[DueDate], [i].[Importance], [i].[ItemNumber], [i].[Status], [i].[Title], [i].[Type], [i].[UpdatedAt], [i0].[Id], [i0].[ItemId], [i0].[UserId], [i1].[Id], [i1].[ItemId], [i1].[UserId]
      FROM [Items] AS [i]
      LEFT JOIN [ItemMembers] AS [i0] ON [i].[Id] = [i0].[ItemId]
      LEFT JOIN [ItemAssignees] AS [i1] ON [i].[Id] = [i1].[ItemId]
      WHERE [i].[DepartmentId] = @__departmentId_Value_0
      ORDER BY [i].[Id], [i0].[Id]
info: Microsoft.EntityFrameworkCore.Database.Command[20101]
      Executed DbCommand (1ms) [Parameters=[@__userId_0='?' (DbType = Int32)], CommandType='Text', CommandTimeout='30']
      SELECT [c].[ItemId], COUNT(*) AS [Count]
      FROM [ChatMessages] AS [c]
      WHERE NOT EXISTS (
          SELECT 1
          FROM [MessageReadStatuses] AS [m]
          WHERE [m].[MessageId] = [c].[Id] AND [m].[UserId] = @__userId_0)
      GROUP BY [c].[ItemId]
info: Microsoft.EntityFrameworkCore.Database.Command[20101]
      Executed DbCommand (2ms) [Parameters=[@__departmentId_Value_0='?' (DbType = Int32)], CommandType='Text', CommandTimeout='30']
      SELECT [i].[Id], [i].[CommitteeType], [i].[CreatedAt], [i].[CreatedById], [i].[DepartmentId], [i].[Description], [i].[DueDate], [i].[Importance], [i].[ItemNumber], [i].[Status], [i].[Title], [i].[Type], [i].[UpdatedAt], [i0].[Id], [i0].[ItemId], [i0].[UserId], [i1].[Id], [i1].[ItemId], [i1].[UserId]
      FROM [Items] AS [i]
      LEFT JOIN [ItemMembers] AS [i0] ON [i].[Id] = [i0].[ItemId]
      LEFT JOIN [ItemAssignees] AS [i1] ON [i].[Id] = [i1].[ItemId]
      WHERE [i].[DepartmentId] = @__departmentId_Value_0
      ORDER BY [i].[Id], [i0].[Id]
info: Microsoft.EntityFrameworkCore.Database.Command[20101]
      Executed DbCommand (1ms) [Parameters=[@__userId_0='?' (DbType = Int32)], CommandType='Text', CommandTimeout='30']
      SELECT [c].[ItemId], COUNT(*) AS [Count]
      FROM [ChatMessages] AS [c]
      WHERE NOT EXISTS (
          SELECT 1
          FROM [MessageReadStatuses] AS [m]
          WHERE [m].[MessageId] = [c].[Id] AND [m].[UserId] = @__userId_0)
      GROUP BY [c].[ItemId]
info: Microsoft.EntityFrameworkCore.Database.Command[20101]
      Executed DbCommand (1ms) [Parameters=[@__p_1='?' (DbType = Int32), @__userId_0='?' (DbType = Int32)], CommandType='Text', CommandTimeout='30']
      SELECT TOP(@__p_1) [n].[Id], [n].[Body], [n].[CreatedAt], [n].[IsRead], [n].[Title], [n].[UserId]
      FROM [Notifications] AS [n]
      WHERE [n].[UserId] = @__userId_0
      ORDER BY [n].[CreatedAt] DESC
info: Microsoft.EntityFrameworkCore.Database.Command[20101]
      Executed DbCommand (6ms) [Parameters=[], CommandType='Text', CommandTimeout='30']
      SELECT [u].[Id], [u].[Name], [u].[Email], [u].[NationalId], [u].[Role], [u].[Avatar], [u].[DepartmentId]
      FROM [Users] AS [u]
info: Microsoft.EntityFrameworkCore.Database.Command[20101]
      Executed DbCommand (1ms) [Parameters=[@__loginDto_Email_0='?' (Size = 100)], CommandType='Text', CommandTimeout='30']
      SELECT TOP(1) [u].[Id], [u].[Avatar], [u].[DepartmentId], [u].[Email], [u].[Name], [u].[NationalId], [u].[Role]
      FROM [Users] AS [u]
      WHERE [u].[Email] = @__loginDto_Email_0
info: Microsoft.EntityFrameworkCore.Database.Command[20101]
      Executed DbCommand (1ms) [Parameters=[@__departmentId_Value_0='?' (DbType = Int32)], CommandType='Text', CommandTimeout='30']
      SELECT [i].[Id], [i].[CommitteeType], [i].[CreatedAt], [i].[CreatedById], [i].[DepartmentId], [i].[Description], [i].[DueDate], [i].[Importance], [i].[ItemNumber], [i].[Status], [i].[Title], [i].[Type], [i].[UpdatedAt], [i0].[Id], [i0].[ItemId], [i0].[UserId], [i1].[Id], [i1].[ItemId], [i1].[UserId]
      FROM [Items] AS [i]
      LEFT JOIN [ItemMembers] AS [i0] ON [i].[Id] = [i0].[ItemId]
      LEFT JOIN [ItemAssignees] AS [i1] ON [i].[Id] = [i1].[ItemId]
      WHERE [i].[DepartmentId] = @__departmentId_Value_0
      ORDER BY [i].[Id], [i0].[Id]
info: Microsoft.EntityFrameworkCore.Database.Command[20101]
      Executed DbCommand (1ms) [Parameters=[@__userId_0='?' (DbType = Int32)], CommandType='Text', CommandTimeout='30']
      SELECT [c].[ItemId], COUNT(*) AS [Count]
      FROM [ChatMessages] AS [c]
      WHERE NOT EXISTS (
          SELECT 1
          FROM [MessageReadStatuses] AS [m]
          WHERE [m].[MessageId] = [c].[Id] AND [m].[UserId] = @__userId_0)
      GROUP BY [c].[ItemId]
info: Microsoft.EntityFrameworkCore.Database.Command[20101]
      Executed DbCommand (1ms) [Parameters=[@__p_1='?' (DbType = Int32), @__userId_0='?' (DbType = Int32)], CommandType='Text', CommandTimeout='30']
      SELECT TOP(@__p_1) [n].[Id], [n].[Body], [n].[CreatedAt], [n].[IsRead], [n].[Title], [n].[UserId]
      FROM [Notifications] AS [n]
      WHERE [n].[UserId] = @__userId_0
      ORDER BY [n].[CreatedAt] DESC
info: Microsoft.EntityFrameworkCore.Database.Command[20101]
      Executed DbCommand (1ms) [Parameters=[], CommandType='Text', CommandTimeout='30']
      SELECT [u].[Id], [u].[Name], [u].[Email], [u].[NationalId], [u].[Role], [u].[Avatar], [u].[DepartmentId]
      FROM [Users] AS [u]
info: Microsoft.EntityFrameworkCore.Database.Command[20101]
      Executed DbCommand (2ms) [Parameters=[@__departmentId_Value_0='?' (DbType = Int32)], CommandType='Text', CommandTimeout='30']
      SELECT [i].[Id], [i].[CommitteeType], [i].[CreatedAt], [i].[CreatedById], [i].[DepartmentId], [i].[Description], [i].[DueDate], [i].[Importance], [i].[ItemNumber], [i].[Status], [i].[Title], [i].[Type], [i].[UpdatedAt], [i0].[Id], [i0].[ItemId], [i0].[UserId], [i1].[Id], [i1].[ItemId], [i1].[UserId]
      FROM [Items] AS [i]
      LEFT JOIN [ItemMembers] AS [i0] ON [i].[Id] = [i0].[ItemId]
      LEFT JOIN [ItemAssignees] AS [i1] ON [i].[Id] = [i1].[ItemId]
      WHERE [i].[DepartmentId] = @__departmentId_Value_0
      ORDER BY [i].[Id], [i0].[Id]
info: Microsoft.EntityFrameworkCore.Database.Command[20101]
      Executed DbCommand (1ms) [Parameters=[@__userId_0='?' (DbType = Int32)], CommandType='Text', CommandTimeout='30']
      SELECT [c].[ItemId], COUNT(*) AS [Count]
      FROM [ChatMessages] AS [c]
      WHERE NOT EXISTS (
          SELECT 1
          FROM [MessageReadStatuses] AS [m]
          WHERE [m].[MessageId] = [c].[Id] AND [m].[UserId] = @__userId_0)
      GROUP BY [c].[ItemId]
info: Microsoft.EntityFrameworkCore.Database.Command[20101]
      Executed DbCommand (2ms) [Parameters=[@__loginDto_Email_0='?' (Size = 100)], CommandType='Text', CommandTimeout='30']
      SELECT TOP(1) [u].[Id], [u].[Avatar], [u].[DepartmentId], [u].[Email], [u].[Name], [u].[NationalId], [u].[Role]
      FROM [Users] AS [u]
      WHERE [u].[Email] = @__loginDto_Email_0
info: Microsoft.EntityFrameworkCore.Database.Command[20101]
      Executed DbCommand (2ms) [Parameters=[@__departmentId_Value_0='?' (DbType = Int32)], CommandType='Text', CommandTimeout='30']
      SELECT [i].[Id], [i].[CommitteeType], [i].[CreatedAt], [i].[CreatedById], [i].[DepartmentId], [i].[Description], [i].[DueDate], [i].[Importance], [i].[ItemNumber], [i].[Status], [i].[Title], [i].[Type], [i].[UpdatedAt], [i0].[Id], [i0].[ItemId], [i0].[UserId], [i1].[Id], [i1].[ItemId], [i1].[UserId]
      FROM [Items] AS [i]
      LEFT JOIN [ItemMembers] AS [i0] ON [i].[Id] = [i0].[ItemId]
      LEFT JOIN [ItemAssignees] AS [i1] ON [i].[Id] = [i1].[ItemId]
      WHERE [i].[DepartmentId] = @__departmentId_Value_0
      ORDER BY [i].[Id], [i0].[Id]
info: Microsoft.EntityFrameworkCore.Database.Command[20101]
      Executed DbCommand (1ms) [Parameters=[@__userId_0='?' (DbType = Int32)], CommandType='Text', CommandTimeout='30']
      SELECT [c].[ItemId], COUNT(*) AS [Count]
      FROM [ChatMessages] AS [c]
      WHERE NOT EXISTS (
          SELECT 1
          FROM [MessageReadStatuses] AS [m]
          WHERE [m].[MessageId] = [c].[Id] AND [m].[UserId] = @__userId_0)
      GROUP BY [c].[ItemId]
info: Microsoft.EntityFrameworkCore.Database.Command[20101]
      Executed DbCommand (2ms) [Parameters=[@__departmentId_Value_0='?' (DbType = Int32)], CommandType='Text', CommandTimeout='30']
      SELECT [i].[Id], [i].[CommitteeType], [i].[CreatedAt], [i].[CreatedById], [i].[DepartmentId], [i].[Description], [i].[DueDate], [i].[Importance], [i].[ItemNumber], [i].[Status], [i].[Title], [i].[Type], [i].[UpdatedAt], [i0].[Id], [i0].[ItemId], [i0].[UserId], [i1].[Id], [i1].[ItemId], [i1].[UserId]
      FROM [Items] AS [i]
      LEFT JOIN [ItemMembers] AS [i0] ON [i].[Id] = [i0].[ItemId]
      LEFT JOIN [ItemAssignees] AS [i1] ON [i].[Id] = [i1].[ItemId]
      WHERE [i].[DepartmentId] = @__departmentId_Value_0
      ORDER BY [i].[Id], [i0].[Id]
info: Microsoft.EntityFrameworkCore.Database.Command[20101]
      Executed DbCommand (1ms) [Parameters=[@__userId_0='?' (DbType = Int32)], CommandType='Text', CommandTimeout='30']
      SELECT [c].[ItemId], COUNT(*) AS [Count]
      FROM [ChatMessages] AS [c]
      WHERE NOT EXISTS (
          SELECT 1
          FROM [MessageReadStatuses] AS [m]
          WHERE [m].[MessageId] = [c].[Id] AND [m].[UserId] = @__userId_0)
      GROUP BY [c].[ItemId]
info: Microsoft.EntityFrameworkCore.Database.Command[20101]
      Executed DbCommand (1ms) [Parameters=[@__p_1='?' (DbType = Int32), @__userId_0='?' (DbType = Int32)], CommandType='Text', CommandTimeout='30']
      SELECT TOP(@__p_1) [n].[Id], [n].[Body], [n].[CreatedAt], [n].[IsRead], [n].[Title], [n].[UserId]
      FROM [Notifications] AS [n]
      WHERE [n].[UserId] = @__userId_0
      ORDER BY [n].[CreatedAt] DESC
info: Microsoft.EntityFrameworkCore.Database.Command[20101]
      Executed DbCommand (2ms) [Parameters=[], CommandType='Text', CommandTimeout='30']
      SELECT [u].[Id], [u].[Name], [u].[Email], [u].[NationalId], [u].[Role], [u].[Avatar], [u].[DepartmentId]
      FROM [Users] AS [u]
info: Microsoft.EntityFrameworkCore.Database.Command[20101]
      Executed DbCommand (1ms) [Parameters=[@__departmentId_Value_0='?' (DbType = Int32)], CommandType='Text', CommandTimeout='30']
      SELECT [i].[Id], [i].[CommitteeType], [i].[CreatedAt], [i].[CreatedById], [i].[DepartmentId], [i].[Description], [i].[DueDate], [i].[Importance], [i].[ItemNumber], [i].[Status], [i].[Title], [i].[Type], [i].[UpdatedAt], [i0].[Id], [i0].[ItemId], [i0].[UserId], [i1].[Id], [i1].[ItemId], [i1].[UserId]
      FROM [Items] AS [i]
      LEFT JOIN [ItemMembers] AS [i0] ON [i].[Id] = [i0].[ItemId]
      LEFT JOIN [ItemAssignees] AS [i1] ON [i].[Id] = [i1].[ItemId]
      WHERE [i].[DepartmentId] = @__departmentId_Value_0
      ORDER BY [i].[Id], [i0].[Id]
info: Microsoft.EntityFrameworkCore.Database.Command[20101]
      Executed DbCommand (1ms) [Parameters=[@__userId_0='?' (DbType = Int32)], CommandType='Text', CommandTimeout='30']
      SELECT [c].[ItemId], COUNT(*) AS [Count]
      FROM [ChatMessages] AS [c]
      WHERE NOT EXISTS (
          SELECT 1
          FROM [MessageReadStatuses] AS [m]
          WHERE [m].[MessageId] = [c].[Id] AND [m].[UserId] = @__userId_0)
      GROUP BY [c].[ItemId]
info: Microsoft.EntityFrameworkCore.Database.Command[20101]
      Executed DbCommand (1ms) [Parameters=[], CommandType='Text', CommandTimeout='30']
      SELECT [u].[Id], [u].[Name], [u].[Email], [u].[NationalId], [u].[Role], [u].[Avatar], [u].[DepartmentId]
      FROM [Users] AS [u]
info: Microsoft.EntityFrameworkCore.Database.Command[20101]
      Executed DbCommand (1ms) [Parameters=[@__p_1='?' (DbType = Int32), @__userId_0='?' (DbType = Int32)], CommandType='Text', CommandTimeout='30']
      SELECT TOP(@__p_1) [n].[Id], [n].[Body], [n].[CreatedAt], [n].[IsRead], [n].[Title], [n].[UserId]
      FROM [Notifications] AS [n]
      WHERE [n].[UserId] = @__userId_0
      ORDER BY [n].[CreatedAt] DESC
info: Microsoft.EntityFrameworkCore.Database.Command[20101]
      Executed DbCommand (2ms) [Parameters=[@__departmentId_Value_0='?' (DbType = Int32)], CommandType='Text', CommandTimeout='30']
      SELECT [i].[Id], [i].[CommitteeType], [i].[CreatedAt], [i].[CreatedById], [i].[DepartmentId], [i].[Description], [i].[DueDate], [i].[Importance], [i].[ItemNumber], [i].[Status], [i].[Title], [i].[Type], [i].[UpdatedAt], [i0].[Id], [i0].[ItemId], [i0].[UserId], [i1].[Id], [i1].[ItemId], [i1].[UserId]
      FROM [Items] AS [i]
      LEFT JOIN [ItemMembers] AS [i0] ON [i].[Id] = [i0].[ItemId]
      LEFT JOIN [ItemAssignees] AS [i1] ON [i].[Id] = [i1].[ItemId]
      WHERE [i].[DepartmentId] = @__departmentId_Value_0
      ORDER BY [i].[Id], [i0].[Id]
info: Microsoft.EntityFrameworkCore.Database.Command[20101]
      Executed DbCommand (3ms) [Parameters=[@__userId_0='?' (DbType = Int32)], CommandType='Text', CommandTimeout='30']
      SELECT [c].[ItemId], COUNT(*) AS [Count]
      FROM [ChatMessages] AS [c]
      WHERE NOT EXISTS (
          SELECT 1
          FROM [MessageReadStatuses] AS [m]
          WHERE [m].[MessageId] = [c].[Id] AND [m].[UserId] = @__userId_0)
      GROUP BY [c].[ItemId]
info: Microsoft.EntityFrameworkCore.Database.Command[20101]
      Executed DbCommand (3ms) [Parameters=[], CommandType='Text', CommandTimeout='30']
      SELECT [u].[Id], [u].[Name], [u].[Email], [u].[NationalId], [u].[Role], [u].[Avatar], [u].[DepartmentId]
      FROM [Users] AS [u]
info: Microsoft.EntityFrameworkCore.Database.Command[20101]
      Executed DbCommand (2ms) [Parameters=[@__p_1='?' (DbType = Int32), @__userId_0='?' (DbType = Int32)], CommandType='Text', CommandTimeout='30']
      SELECT TOP(@__p_1) [n].[Id], [n].[Body], [n].[CreatedAt], [n].[IsRead], [n].[Title], [n].[UserId]
      FROM [Notifications] AS [n]
      WHERE [n].[UserId] = @__userId_0
      ORDER BY [n].[CreatedAt] DESC
info: Microsoft.EntityFrameworkCore.Database.Command[20101]
      Executed DbCommand (1ms) [Parameters=[@__departmentId_Value_0='?' (DbType = Int32)], CommandType='Text', CommandTimeout='30']
      SELECT [i].[Id], [i].[CommitteeType], [i].[CreatedAt], [i].[CreatedById], [i].[DepartmentId], [i].[Description], [i].[DueDate], [i].[Importance], [i].[ItemNumber], [i].[Status], [i].[Title], [i].[Type], [i].[UpdatedAt], [i0].[Id], [i0].[ItemId], [i0].[UserId], [i1].[Id], [i1].[ItemId], [i1].[UserId]
      FROM [Items] AS [i]
      LEFT JOIN [ItemMembers] AS [i0] ON [i].[Id] = [i0].[ItemId]
      LEFT JOIN [ItemAssignees] AS [i1] ON [i].[Id] = [i1].[ItemId]
      WHERE [i].[DepartmentId] = @__departmentId_Value_0
      ORDER BY [i].[Id], [i0].[Id]
info: Microsoft.EntityFrameworkCore.Database.Command[20101]
      Executed DbCommand (1ms) [Parameters=[@__userId_0='?' (DbType = Int32)], CommandType='Text', CommandTimeout='30']
      SELECT [c].[ItemId], COUNT(*) AS [Count]
      FROM [ChatMessages] AS [c]
      WHERE NOT EXISTS (
          SELECT 1
          FROM [MessageReadStatuses] AS [m]
          WHERE [m].[MessageId] = [c].[Id] AND [m].[UserId] = @__userId_0)
      GROUP BY [c].[ItemId]
info: Microsoft.EntityFrameworkCore.Database.Command[20101]
      Executed DbCommand (1ms) [Parameters=[@__loginDto_Email_0='?' (Size = 100)], CommandType='Text', CommandTimeout='30']
      SELECT TOP(1) [u].[Id], [u].[Avatar], [u].[DepartmentId], [u].[Email], [u].[Name], [u].[NationalId], [u].[Role]
      FROM [Users] AS [u]
      WHERE [u].[Email] = @__loginDto_Email_0
info: Microsoft.EntityFrameworkCore.Database.Command[20101]
      Executed DbCommand (1ms) [Parameters=[@__departmentId_Value_0='?' (DbType = Int32)], CommandType='Text', CommandTimeout='30']
      SELECT [i].[Id], [i].[CommitteeType], [i].[CreatedAt], [i].[CreatedById], [i].[DepartmentId], [i].[Description], [i].[DueDate], [i].[Importance], [i].[ItemNumber], [i].[Status], [i].[Title], [i].[Type], [i].[UpdatedAt], [i0].[Id], [i0].[ItemId], [i0].[UserId], [i1].[Id], [i1].[ItemId], [i1].[UserId]
      FROM [Items] AS [i]
      LEFT JOIN [ItemMembers] AS [i0] ON [i].[Id] = [i0].[ItemId]
      LEFT JOIN [ItemAssignees] AS [i1] ON [i].[Id] = [i1].[ItemId]
      WHERE [i].[DepartmentId] = @__departmentId_Value_0
      ORDER BY [i].[Id], [i0].[Id]
info: Microsoft.EntityFrameworkCore.Database.Command[20101]
      Executed DbCommand (1ms) [Parameters=[@__userId_0='?' (DbType = Int32)], CommandType='Text', CommandTimeout='30']
      SELECT [c].[ItemId], COUNT(*) AS [Count]
      FROM [ChatMessages] AS [c]
      WHERE NOT EXISTS (
          SELECT 1
          FROM [MessageReadStatuses] AS [m]
          WHERE [m].[MessageId] = [c].[Id] AND [m].[UserId] = @__userId_0)
      GROUP BY [c].[ItemId]
info: Microsoft.EntityFrameworkCore.Database.Command[20101]
      Executed DbCommand (2ms) [Parameters=[@__departmentId_Value_0='?' (DbType = Int32)], CommandType='Text', CommandTimeout='30']
      SELECT [i].[Id], [i].[CommitteeType], [i].[CreatedAt], [i].[CreatedById], [i].[DepartmentId], [i].[Description], [i].[DueDate], [i].[Importance], [i].[ItemNumber], [i].[Status], [i].[Title], [i].[Type], [i].[UpdatedAt], [i0].[Id], [i0].[ItemId], [i0].[UserId], [i1].[Id], [i1].[ItemId], [i1].[UserId]
      FROM [Items] AS [i]
      LEFT JOIN [ItemMembers] AS [i0] ON [i].[Id] = [i0].[ItemId]
      LEFT JOIN [ItemAssignees] AS [i1] ON [i].[Id] = [i1].[ItemId]
      WHERE [i].[DepartmentId] = @__departmentId_Value_0
      ORDER BY [i].[Id], [i0].[Id]
info: Microsoft.EntityFrameworkCore.Database.Command[20101]
      Executed DbCommand (3ms) [Parameters=[], CommandType='Text', CommandTimeout='30']
      SELECT [u].[Id], [u].[Name], [u].[Email], [u].[NationalId], [u].[Role], [u].[Avatar], [u].[DepartmentId]
      FROM [Users] AS [u]
info: Microsoft.EntityFrameworkCore.Database.Command[20101]
      Executed DbCommand (1ms) [Parameters=[@__p_1='?' (DbType = Int32), @__userId_0='?' (DbType = Int32)], CommandType='Text', CommandTimeout='30']
      SELECT TOP(@__p_1) [n].[Id], [n].[Body], [n].[CreatedAt], [n].[IsRead], [n].[Title], [n].[UserId]
      FROM [Notifications] AS [n]
      WHERE [n].[UserId] = @__userId_0
      ORDER BY [n].[CreatedAt] DESC
info: Microsoft.EntityFrameworkCore.Database.Command[20101]
      Executed DbCommand (1ms) [Parameters=[@__userId_0='?' (DbType = Int32)], CommandType='Text', CommandTimeout='30']
      SELECT [c].[ItemId], COUNT(*) AS [Count]
      FROM [ChatMessages] AS [c]
      WHERE NOT EXISTS (
          SELECT 1
          FROM [MessageReadStatuses] AS [m]
          WHERE [m].[MessageId] = [c].[Id] AND [m].[UserId] = @__userId_0)
      GROUP BY [c].[ItemId]
info: Microsoft.EntityFrameworkCore.Database.Command[20101]
      Executed DbCommand (1ms) [Parameters=[@__departmentId_Value_0='?' (DbType = Int32)], CommandType='Text', CommandTimeout='30']
      SELECT [i].[Id], [i].[CommitteeType], [i].[CreatedAt], [i].[CreatedById], [i].[DepartmentId], [i].[Description], [i].[DueDate], [i].[Importance], [i].[ItemNumber], [i].[Status], [i].[Title], [i].[Type], [i].[UpdatedAt], [i0].[Id], [i0].[ItemId], [i0].[UserId], [i1].[Id], [i1].[ItemId], [i1].[UserId]
      FROM [Items] AS [i]
      LEFT JOIN [ItemMembers] AS [i0] ON [i].[Id] = [i0].[ItemId]
      LEFT JOIN [ItemAssignees] AS [i1] ON [i].[Id] = [i1].[ItemId]
      WHERE [i].[DepartmentId] = @__departmentId_Value_0
      ORDER BY [i].[Id], [i0].[Id]
info: Microsoft.EntityFrameworkCore.Database.Command[20101]
      Executed DbCommand (1ms) [Parameters=[@__userId_0='?' (DbType = Int32)], CommandType='Text', CommandTimeout='30']
      SELECT [c].[ItemId], COUNT(*) AS [Count]
      FROM [ChatMessages] AS [c]
      WHERE NOT EXISTS (
          SELECT 1
          FROM [MessageReadStatuses] AS [m]
          WHERE [m].[MessageId] = [c].[Id] AND [m].[UserId] = @__userId_0)
      GROUP BY [c].[ItemId]
info: Microsoft.EntityFrameworkCore.Database.Command[20101]
      Executed DbCommand (1ms) [Parameters=[], CommandType='Text', CommandTimeout='30']
      SELECT [u].[Id], [u].[Name], [u].[Email], [u].[NationalId], [u].[Role], [u].[Avatar], [u].[DepartmentId]
      FROM [Users] AS [u]
info: Microsoft.EntityFrameworkCore.Database.Command[20101]
      Executed DbCommand (1ms) [Parameters=[@__p_1='?' (DbType = Int32), @__userId_0='?' (DbType = Int32)], CommandType='Text', CommandTimeout='30']
      SELECT TOP(@__p_1) [n].[Id], [n].[Body], [n].[CreatedAt], [n].[IsRead], [n].[Title], [n].[UserId]
      FROM [Notifications] AS [n]
      WHERE [n].[UserId] = @__userId_0
      ORDER BY [n].[CreatedAt] DESC
info: Microsoft.EntityFrameworkCore.Database.Command[20101]
      Executed DbCommand (1ms) [Parameters=[@__departmentId_Value_0='?' (DbType = Int32)], CommandType='Text', CommandTimeout='30']
      SELECT [i].[Id], [i].[CommitteeType], [i].[CreatedAt], [i].[CreatedById], [i].[DepartmentId], [i].[Description], [i].[DueDate], [i].[Importance], [i].[ItemNumber], [i].[Status], [i].[Title], [i].[Type], [i].[UpdatedAt], [i0].[Id], [i0].[ItemId], [i0].[UserId], [i1].[Id], [i1].[ItemId], [i1].[UserId]
      FROM [Items] AS [i]
      LEFT JOIN [ItemMembers] AS [i0] ON [i].[Id] = [i0].[ItemId]
      LEFT JOIN [ItemAssignees] AS [i1] ON [i].[Id] = [i1].[ItemId]
      WHERE [i].[DepartmentId] = @__departmentId_Value_0
      ORDER BY [i].[Id], [i0].[Id]
info: Microsoft.EntityFrameworkCore.Database.Command[20101]
      Executed DbCommand (1ms) [Parameters=[@__userId_0='?' (DbType = Int32)], CommandType='Text', CommandTimeout='30']
      SELECT [c].[ItemId], COUNT(*) AS [Count]
      FROM [ChatMessages] AS [c]
      WHERE NOT EXISTS (
          SELECT 1
          FROM [MessageReadStatuses] AS [m]
          WHERE [m].[MessageId] = [c].[Id] AND [m].[UserId] = @__userId_0)
      GROUP BY [c].[ItemId]
info: Microsoft.EntityFrameworkCore.Database.Command[20101]
      Executed DbCommand (2ms) [Parameters=[@__departmentId_Value_0='?' (DbType = Int32)], CommandType='Text', CommandTimeout='30']
      SELECT [i].[Id], [i].[CommitteeType], [i].[CreatedAt], [i].[CreatedById], [i].[DepartmentId], [i].[Description], [i].[DueDate], [i].[Importance], [i].[ItemNumber], [i].[Status], [i].[Title], [i].[Type], [i].[UpdatedAt], [i0].[Id], [i0].[ItemId], [i0].[UserId], [i1].[Id], [i1].[ItemId], [i1].[UserId]
      FROM [Items] AS [i]
      LEFT JOIN [ItemMembers] AS [i0] ON [i].[Id] = [i0].[ItemId]
      LEFT JOIN [ItemAssignees] AS [i1] ON [i].[Id] = [i1].[ItemId]
      WHERE [i].[DepartmentId] = @__departmentId_Value_0
      ORDER BY [i].[Id], [i0].[Id]
info: Microsoft.EntityFrameworkCore.Database.Command[20101]
      Executed DbCommand (1ms) [Parameters=[@__userId_0='?' (DbType = Int32)], CommandType='Text', CommandTimeout='30']
      SELECT [c].[ItemId], COUNT(*) AS [Count]
      FROM [ChatMessages] AS [c]
      WHERE NOT EXISTS (
          SELECT 1
          FROM [MessageReadStatuses] AS [m]
          WHERE [m].[MessageId] = [c].[Id] AND [m].[UserId] = @__userId_0)
      GROUP BY [c].[ItemId]
info: Microsoft.EntityFrameworkCore.Database.Command[20101]
      Executed DbCommand (7ms) [Parameters=[@__departmentId_Value_0='?' (DbType = Int32)], CommandType='Text', CommandTimeout='30']
      SELECT [i].[Id], [i].[CommitteeType], [i].[CreatedAt], [i].[CreatedById], [i].[DepartmentId], [i].[Description], [i].[DueDate], [i].[Importance], [i].[ItemNumber], [i].[Status], [i].[Title], [i].[Type], [i].[UpdatedAt], [i0].[Id], [i0].[ItemId], [i0].[UserId], [i1].[Id], [i1].[ItemId], [i1].[UserId]
      FROM [Items] AS [i]
      LEFT JOIN [ItemMembers] AS [i0] ON [i].[Id] = [i0].[ItemId]
      LEFT JOIN [ItemAssignees] AS [i1] ON [i].[Id] = [i1].[ItemId]
      WHERE [i].[DepartmentId] = @__departmentId_Value_0
      ORDER BY [i].[Id], [i0].[Id]
info: Microsoft.EntityFrameworkCore.Database.Command[20101]
      Executed DbCommand (1ms) [Parameters=[@__userId_0='?' (DbType = Int32)], CommandType='Text', CommandTimeout='30']
      SELECT [c].[ItemId], COUNT(*) AS [Count]
      FROM [ChatMessages] AS [c]
      WHERE NOT EXISTS (
          SELECT 1
          FROM [MessageReadStatuses] AS [m]
          WHERE [m].[MessageId] = [c].[Id] AND [m].[UserId] = @__userId_0)
      GROUP BY [c].[ItemId]
info: Microsoft.EntityFrameworkCore.Database.Command[20101]
      Executed DbCommand (1ms) [Parameters=[@__departmentId_Value_0='?' (DbType = Int32)], CommandType='Text', CommandTimeout='30']
      SELECT [i].[Id], [i].[CommitteeType], [i].[CreatedAt], [i].[CreatedById], [i].[DepartmentId], [i].[Description], [i].[DueDate], [i].[Importance], [i].[ItemNumber], [i].[Status], [i].[Title], [i].[Type], [i].[UpdatedAt], [i0].[Id], [i0].[ItemId], [i0].[UserId], [i1].[Id], [i1].[ItemId], [i1].[UserId]
      FROM [Items] AS [i]
      LEFT JOIN [ItemMembers] AS [i0] ON [i].[Id] = [i0].[ItemId]
      LEFT JOIN [ItemAssignees] AS [i1] ON [i].[Id] = [i1].[ItemId]
      WHERE [i].[DepartmentId] = @__departmentId_Value_0
      ORDER BY [i].[Id], [i0].[Id]
info: Microsoft.EntityFrameworkCore.Database.Command[20101]
      Executed DbCommand (1ms) [Parameters=[@__userId_0='?' (DbType = Int32)], CommandType='Text', CommandTimeout='30']
      SELECT [c].[ItemId], COUNT(*) AS [Count]
      FROM [ChatMessages] AS [c]
      WHERE NOT EXISTS (
          SELECT 1
          FROM [MessageReadStatuses] AS [m]
          WHERE [m].[MessageId] = [c].[Id] AND [m].[UserId] = @__userId_0)
      GROUP BY [c].[ItemId]
info: Microsoft.EntityFrameworkCore.Database.Command[20101]
      Executed DbCommand (1ms) [Parameters=[@__p_1='?' (DbType = Int32), @__userId_0='?' (DbType = Int32)], CommandType='Text', CommandTimeout='30']
      SELECT TOP(@__p_1) [n].[Id], [n].[Body], [n].[CreatedAt], [n].[IsRead], [n].[Title], [n].[UserId]
      FROM [Notifications] AS [n]
      WHERE [n].[UserId] = @__userId_0
      ORDER BY [n].[CreatedAt] DESC
info: Microsoft.EntityFrameworkCore.Database.Command[20101]
      Executed DbCommand (3ms) [Parameters=[], CommandType='Text', CommandTimeout='30']
      SELECT [u].[Id], [u].[Name], [u].[Email], [u].[NationalId], [u].[Role], [u].[Avatar], [u].[DepartmentId]
      FROM [Users] AS [u]
info: Microsoft.EntityFrameworkCore.Database.Command[20101]
      Executed DbCommand (1ms) [Parameters=[@__departmentId_Value_0='?' (DbType = Int32)], CommandType='Text', CommandTimeout='30']
      SELECT [i].[Id], [i].[CommitteeType], [i].[CreatedAt], [i].[CreatedById], [i].[DepartmentId], [i].[Description], [i].[DueDate], [i].[Importance], [i].[ItemNumber], [i].[Status], [i].[Title], [i].[Type], [i].[UpdatedAt], [i0].[Id], [i0].[ItemId], [i0].[UserId], [i1].[Id], [i1].[ItemId], [i1].[UserId]
      FROM [Items] AS [i]
      LEFT JOIN [ItemMembers] AS [i0] ON [i].[Id] = [i0].[ItemId]
      LEFT JOIN [ItemAssignees] AS [i1] ON [i].[Id] = [i1].[ItemId]
      WHERE [i].[DepartmentId] = @__departmentId_Value_0
      ORDER BY [i].[Id], [i0].[Id]
info: Microsoft.EntityFrameworkCore.Database.Command[20101]
      Executed DbCommand (1ms) [Parameters=[@__userId_0='?' (DbType = Int32)], CommandType='Text', CommandTimeout='30']
      SELECT [c].[ItemId], COUNT(*) AS [Count]
      FROM [ChatMessages] AS [c]
      WHERE NOT EXISTS (
          SELECT 1
          FROM [MessageReadStatuses] AS [m]
          WHERE [m].[MessageId] = [c].[Id] AND [m].[UserId] = @__userId_0)
      GROUP BY [c].[ItemId]
info: Microsoft.EntityFrameworkCore.Database.Command[20101]
      Executed DbCommand (2ms) [Parameters=[], CommandType='Text', CommandTimeout='30']
      SELECT [u].[Id], [u].[Name], [u].[Email], [u].[NationalId], [u].[Role], [u].[Avatar], [u].[DepartmentId]
      FROM [Users] AS [u]
info: Microsoft.EntityFrameworkCore.Database.Command[20101]
      Executed DbCommand (1ms) [Parameters=[@__p_1='?' (DbType = Int32), @__userId_0='?' (DbType = Int32)], CommandType='Text', CommandTimeout='30']
      SELECT TOP(@__p_1) [n].[Id], [n].[Body], [n].[CreatedAt], [n].[IsRead], [n].[Title], [n].[UserId]
      FROM [Notifications] AS [n]
      WHERE [n].[UserId] = @__userId_0
      ORDER BY [n].[CreatedAt] DESC
info: Microsoft.EntityFrameworkCore.Database.Command[20101]
      Executed DbCommand (1ms) [Parameters=[@__departmentId_Value_0='?' (DbType = Int32)], CommandType='Text', CommandTimeout='30']
      SELECT [i].[Id], [i].[CommitteeType], [i].[CreatedAt], [i].[CreatedById], [i].[DepartmentId], [i].[Description], [i].[DueDate], [i].[Importance], [i].[ItemNumber], [i].[Status], [i].[Title], [i].[Type], [i].[UpdatedAt], [i0].[Id], [i0].[ItemId], [i0].[UserId], [i1].[Id], [i1].[ItemId], [i1].[UserId]
      FROM [Items] AS [i]
      LEFT JOIN [ItemMembers] AS [i0] ON [i].[Id] = [i0].[ItemId]
      LEFT JOIN [ItemAssignees] AS [i1] ON [i].[Id] = [i1].[ItemId]
      WHERE [i].[DepartmentId] = @__departmentId_Value_0
      ORDER BY [i].[Id], [i0].[Id]
info: Microsoft.EntityFrameworkCore.Database.Command[20101]
      Executed DbCommand (1ms) [Parameters=[@__userId_0='?' (DbType = Int32)], CommandType='Text', CommandTimeout='30']
      SELECT [c].[ItemId], COUNT(*) AS [Count]
      FROM [ChatMessages] AS [c]
      WHERE NOT EXISTS (
          SELECT 1
          FROM [MessageReadStatuses] AS [m]
          WHERE [m].[MessageId] = [c].[Id] AND [m].[UserId] = @__userId_0)
      GROUP BY [c].[ItemId]
info: Microsoft.EntityFrameworkCore.Database.Command[20101]
      Executed DbCommand (1ms) [Parameters=[], CommandType='Text', CommandTimeout='30']
      SELECT [u].[Id], [u].[Name], [u].[Email], [u].[NationalId], [u].[Role], [u].[Avatar], [u].[DepartmentId]
      FROM [Users] AS [u]
info: Microsoft.EntityFrameworkCore.Database.Command[20101]
      Executed DbCommand (1ms) [Parameters=[@__p_1='?' (DbType = Int32), @__userId_0='?' (DbType = Int32)], CommandType='Text', CommandTimeout='30']
      SELECT TOP(@__p_1) [n].[Id], [n].[Body], [n].[CreatedAt], [n].[IsRead], [n].[Title], [n].[UserId]
      FROM [Notifications] AS [n]
      WHERE [n].[UserId] = @__userId_0
      ORDER BY [n].[CreatedAt] DESC
info: Microsoft.EntityFrameworkCore.Database.Command[20101]
      Executed DbCommand (1ms) [Parameters=[@__departmentId_Value_0='?' (DbType = Int32)], CommandType='Text', CommandTimeout='30']
      SELECT [i].[Id], [i].[CommitteeType], [i].[CreatedAt], [i].[CreatedById], [i].[DepartmentId], [i].[Description], [i].[DueDate], [i].[Importance], [i].[ItemNumber], [i].[Status], [i].[Title], [i].[Type], [i].[UpdatedAt], [i0].[Id], [i0].[ItemId], [i0].[UserId], [i1].[Id], [i1].[ItemId], [i1].[UserId]
      FROM [Items] AS [i]
      LEFT JOIN [ItemMembers] AS [i0] ON [i].[Id] = [i0].[ItemId]
      LEFT JOIN [ItemAssignees] AS [i1] ON [i].[Id] = [i1].[ItemId]
      WHERE [i].[DepartmentId] = @__departmentId_Value_0
      ORDER BY [i].[Id], [i0].[Id]
info: Microsoft.EntityFrameworkCore.Database.Command[20101]
      Executed DbCommand (1ms) [Parameters=[@__userId_0='?' (DbType = Int32)], CommandType='Text', CommandTimeout='30']
      SELECT [c].[ItemId], COUNT(*) AS [Count]
      FROM [ChatMessages] AS [c]
      WHERE NOT EXISTS (
          SELECT 1
          FROM [MessageReadStatuses] AS [m]
          WHERE [m].[MessageId] = [c].[Id] AND [m].[UserId] = @__userId_0)
      GROUP BY [c].[ItemId]
info: Microsoft.EntityFrameworkCore.Database.Command[20101]
      Executed DbCommand (1ms) [Parameters=[], CommandType='Text', CommandTimeout='30']
      SELECT [u].[Id], [u].[Name], [u].[Email], [u].[NationalId], [u].[Role], [u].[Avatar], [u].[DepartmentId]
      FROM [Users] AS [u]
info: Microsoft.EntityFrameworkCore.Database.Command[20101]
      Executed DbCommand (1ms) [Parameters=[@__p_1='?' (DbType = Int32), @__userId_0='?' (DbType = Int32)], CommandType='Text', CommandTimeout='30']
      SELECT TOP(@__p_1) [n].[Id], [n].[Body], [n].[CreatedAt], [n].[IsRead], [n].[Title], [n].[UserId]
      FROM [Notifications] AS [n]
      WHERE [n].[UserId] = @__userId_0
      ORDER BY [n].[CreatedAt] DESC
info: Microsoft.EntityFrameworkCore.Database.Command[20101]
      Executed DbCommand (1ms) [Parameters=[@__departmentId_Value_0='?' (DbType = Int32)], CommandType='Text', CommandTimeout='30']
      SELECT [i].[Id], [i].[CommitteeType], [i].[CreatedAt], [i].[CreatedById], [i].[DepartmentId], [i].[Description], [i].[DueDate], [i].[Importance], [i].[ItemNumber], [i].[Status], [i].[Title], [i].[Type], [i].[UpdatedAt], [i0].[Id], [i0].[ItemId], [i0].[UserId], [i1].[Id], [i1].[ItemId], [i1].[UserId]
      FROM [Items] AS [i]
      LEFT JOIN [ItemMembers] AS [i0] ON [i].[Id] = [i0].[ItemId]
      LEFT JOIN [ItemAssignees] AS [i1] ON [i].[Id] = [i1].[ItemId]
      WHERE [i].[DepartmentId] = @__departmentId_Value_0
      ORDER BY [i].[Id], [i0].[Id]
info: Microsoft.EntityFrameworkCore.Database.Command[20101]
      Executed DbCommand (1ms) [Parameters=[], CommandType='Text', CommandTimeout='30']
      SELECT [u].[Id], [u].[Name], [u].[Email], [u].[NationalId], [u].[Role], [u].[Avatar], [u].[DepartmentId]
      FROM [Users] AS [u]
info: Microsoft.EntityFrameworkCore.Database.Command[20101]
      Executed DbCommand (1ms) [Parameters=[@__userId_0='?' (DbType = Int32)], CommandType='Text', CommandTimeout='30']
      SELECT [c].[ItemId], COUNT(*) AS [Count]
      FROM [ChatMessages] AS [c]
      WHERE NOT EXISTS (
          SELECT 1
          FROM [MessageReadStatuses] AS [m]
          WHERE [m].[MessageId] = [c].[Id] AND [m].[UserId] = @__userId_0)
      GROUP BY [c].[ItemId]
info: Microsoft.EntityFrameworkCore.Database.Command[20101]
      Executed DbCommand (1ms) [Parameters=[@__p_1='?' (DbType = Int32), @__userId_0='?' (DbType = Int32)], CommandType='Text', CommandTimeout='30']
      SELECT TOP(@__p_1) [n].[Id], [n].[Body], [n].[CreatedAt], [n].[IsRead], [n].[Title], [n].[UserId]
      FROM [Notifications] AS [n]
      WHERE [n].[UserId] = @__userId_0
      ORDER BY [n].[CreatedAt] DESC
info: Microsoft.EntityFrameworkCore.Database.Command[20101]
      Executed DbCommand (1ms) [Parameters=[@__departmentId_Value_0='?' (DbType = Int32)], CommandType='Text', CommandTimeout='30']
      SELECT [i].[Id], [i].[CommitteeType], [i].[CreatedAt], [i].[CreatedById], [i].[DepartmentId], [i].[Description], [i].[DueDate], [i].[Importance], [i].[ItemNumber], [i].[Status], [i].[Title], [i].[Type], [i].[UpdatedAt], [i0].[Id], [i0].[ItemId], [i0].[UserId], [i1].[Id], [i1].[ItemId], [i1].[UserId]
      FROM [Items] AS [i]
      LEFT JOIN [ItemMembers] AS [i0] ON [i].[Id] = [i0].[ItemId]
      LEFT JOIN [ItemAssignees] AS [i1] ON [i].[Id] = [i1].[ItemId]
      WHERE [i].[DepartmentId] = @__departmentId_Value_0
      ORDER BY [i].[Id], [i0].[Id]
info: Microsoft.EntityFrameworkCore.Database.Command[20101]
      Executed DbCommand (1ms) [Parameters=[], CommandType='Text', CommandTimeout='30']
      SELECT [u].[Id], [u].[Name], [u].[Email], [u].[NationalId], [u].[Role], [u].[Avatar], [u].[DepartmentId]
      FROM [Users] AS [u]
info: Microsoft.EntityFrameworkCore.Database.Command[20101]
      Executed DbCommand (1ms) [Parameters=[@__userId_0='?' (DbType = Int32)], CommandType='Text', CommandTimeout='30']
      SELECT [c].[ItemId], COUNT(*) AS [Count]
      FROM [ChatMessages] AS [c]
      WHERE NOT EXISTS (
          SELECT 1
          FROM [MessageReadStatuses] AS [m]
          WHERE [m].[MessageId] = [c].[Id] AND [m].[UserId] = @__userId_0)
      GROUP BY [c].[ItemId]
info: Microsoft.EntityFrameworkCore.Database.Command[20101]
      Executed DbCommand (1ms) [Parameters=[@__p_1='?' (DbType = Int32), @__userId_0='?' (DbType = Int32)], CommandType='Text', CommandTimeout='30']
      SELECT TOP(@__p_1) [n].[Id], [n].[Body], [n].[CreatedAt], [n].[IsRead], [n].[Title], [n].[UserId]
      FROM [Notifications] AS [n]
      WHERE [n].[UserId] = @__userId_0
      ORDER BY [n].[CreatedAt] DESC
info: Microsoft.EntityFrameworkCore.Database.Command[20101]
      Executed DbCommand (5ms) [Parameters=[@__departmentId_Value_0='?' (DbType = Int32)], CommandType='Text', CommandTimeout='30']
      SELECT [i].[Id], [i].[CommitteeType], [i].[CreatedAt], [i].[CreatedById], [i].[DepartmentId], [i].[Description], [i].[DueDate], [i].[Importance], [i].[ItemNumber], [i].[Status], [i].[Title], [i].[Type], [i].[UpdatedAt], [i0].[Id], [i0].[ItemId], [i0].[UserId], [i1].[Id], [i1].[ItemId], [i1].[UserId]
      FROM [Items] AS [i]
      LEFT JOIN [ItemMembers] AS [i0] ON [i].[Id] = [i0].[ItemId]
      LEFT JOIN [ItemAssignees] AS [i1] ON [i].[Id] = [i1].[ItemId]
      WHERE [i].[DepartmentId] = @__departmentId_Value_0
      ORDER BY [i].[Id], [i0].[Id]
info: Microsoft.EntityFrameworkCore.Database.Command[20101]
      Executed DbCommand (2ms) [Parameters=[@__userId_0='?' (DbType = Int32)], CommandType='Text', CommandTimeout='30']
      SELECT [c].[ItemId], COUNT(*) AS [Count]
      FROM [ChatMessages] AS [c]
      WHERE NOT EXISTS (
          SELECT 1
          FROM [MessageReadStatuses] AS [m]
          WHERE [m].[MessageId] = [c].[Id] AND [m].[UserId] = @__userId_0)
      GROUP BY [c].[ItemId]
info: Microsoft.EntityFrameworkCore.Database.Command[20101]
      Executed DbCommand (2ms) [Parameters=[], CommandType='Text', CommandTimeout='30']
      SELECT [u].[Id], [u].[Name], [u].[Email], [u].[NationalId], [u].[Role], [u].[Avatar], [u].[DepartmentId]
      FROM [Users] AS [u]
info: Microsoft.EntityFrameworkCore.Database.Command[20101]
      Executed DbCommand (1ms) [Parameters=[@__p_1='?' (DbType = Int32), @__userId_0='?' (DbType = Int32)], CommandType='Text', CommandTimeout='30']
      SELECT TOP(@__p_1) [n].[Id], [n].[Body], [n].[CreatedAt], [n].[IsRead], [n].[Title], [n].[UserId]
      FROM [Notifications] AS [n]
      WHERE [n].[UserId] = @__userId_0
      ORDER BY [n].[CreatedAt] DESC
info: Microsoft.EntityFrameworkCore.Database.Command[20101]
      Executed DbCommand (1ms) [Parameters=[], CommandType='Text', CommandTimeout='30']
      SELECT [u].[Id], [u].[Name], [u].[Email], [u].[NationalId], [u].[Role], [u].[Avatar], [u].[DepartmentId]
      FROM [Users] AS [u]
info: Microsoft.EntityFrameworkCore.Database.Command[20101]
      Executed DbCommand (3ms) [Parameters=[@__p_1='?' (DbType = Int32), @__userId_0='?' (DbType = Int32)], CommandType='Text', CommandTimeout='30']
      SELECT TOP(@__p_1) [n].[Id], [n].[Body], [n].[CreatedAt], [n].[IsRead], [n].[Title], [n].[UserId]
      FROM [Notifications] AS [n]
      WHERE [n].[UserId] = @__userId_0
      ORDER BY [n].[CreatedAt] DESC
warn: Microsoft.EntityFrameworkCore.Query[20504]
      Compiling a query which loads related collections for more than one collection navigation, either via 'Include' or through projection, but no 'QuerySplittingBehavior' has been configured. By default, Entity Framework will use 'QuerySplittingBehavior.SingleQuery', which can potentially result in slow query performance. See https://go.microsoft.com/fwlink/?linkid=2134277 for more information. To identify the query that's triggering this warning call 'ConfigureWarnings(w => w.Throw(RelationalEventId.MultipleCollectionIncludeWarning))'.
info: Microsoft.EntityFrameworkCore.Database.Command[20101]
      Executed DbCommand (1ms) [Parameters=[@__id_0='?' (DbType = Int32)], CommandType='Text', CommandTimeout='30']
      SELECT [t].[Id], [t].[CommitteeType], [t].[CreatedAt], [t].[CreatedById], [t].[DepartmentId], [t].[Description], [t].[DueDate], [t].[Importance], [t].[ItemNumber], [t].[Status], [t].[Title], [t].[Type], [t].[UpdatedAt], [i0].[Id], [i0].[ItemId], [i0].[UserId], [i1].[Id], [i1].[ItemId], [i1].[UserId]
      FROM (
          SELECT TOP(1) [i].[Id], [i].[CommitteeType], [i].[CreatedAt], [i].[CreatedById], [i].[DepartmentId], [i].[Description], [i].[DueDate], [i].[Importance], [i].[ItemNumber], [i].[Status], [i].[Title], [i].[Type], [i].[UpdatedAt]
          FROM [Items] AS [i]
          WHERE [i].[Id] = @__id_0
      ) AS [t]
      LEFT JOIN [ItemMembers] AS [i0] ON [t].[Id] = [i0].[ItemId]
      LEFT JOIN [ItemAssignees] AS [i1] ON [t].[Id] = [i1].[ItemId]
      ORDER BY [t].[Id], [i0].[Id]
info: Microsoft.EntityFrameworkCore.Database.Command[20101]
      Executed DbCommand (5ms) [Parameters=[@__id_0='?' (DbType = Int32)], CommandType='Text', CommandTimeout='30']
      SELECT [c].[Id], [c].[ItemId], [c].[UserId], [c].[Text], [c].[PdfAttachmentFileName], [c].[PdfAttachmentPath], [c].[CreatedAt], (
          SELECT TOP(1) [u].[Name]
          FROM [Users] AS [u]
          WHERE [u].[Id] = [c].[UserId]) AS [UserName]
      FROM [ChatMessages] AS [c]
      WHERE [c].[ItemId] = @__id_0
      ORDER BY [c].[CreatedAt]
info: Microsoft.EntityFrameworkCore.Database.Command[20101]
      Executed DbCommand (3ms) [Parameters=[@__id_0='?' (DbType = Int32)], CommandType='Text', CommandTimeout='30']
      SELECT [c].[Id], [c].[CreatedAt], [c].[ItemId], [c].[PdfAttachmentFileName], [c].[PdfAttachmentPath], [c].[Text], [c].[UserId]
      FROM [ChatMessages] AS [c]
      WHERE [c].[ItemId] = @__id_0
info: Microsoft.EntityFrameworkCore.Database.Command[20101]
      Executed DbCommand (3ms) [Parameters=[@__msg_Id_0='?' (DbType = Int32), @__8__locals1_userId_1='?' (DbType = Int32)], CommandType='Text', CommandTimeout='30']
      SELECT CASE
          WHEN EXISTS (
              SELECT 1
              FROM [MessageReadStatuses] AS [m]
              WHERE [m].[MessageId] = @__msg_Id_0 AND [m].[UserId] = @__8__locals1_userId_1) THEN CAST(1 AS bit)
          ELSE CAST(0 AS bit)
      END
info: Microsoft.EntityFrameworkCore.Database.Command[20101]
      Executed DbCommand (1ms) [Parameters=[@__msg_Id_0='?' (DbType = Int32), @__8__locals1_userId_1='?' (DbType = Int32)], CommandType='Text', CommandTimeout='30']
      SELECT CASE
          WHEN EXISTS (
              SELECT 1
              FROM [MessageReadStatuses] AS [m]
              WHERE [m].[MessageId] = @__msg_Id_0 AND [m].[UserId] = @__8__locals1_userId_1) THEN CAST(1 AS bit)
          ELSE CAST(0 AS bit)
      END
info: Microsoft.EntityFrameworkCore.Database.Command[20101]
      Executed DbCommand (6ms) [Parameters=[@p0='?' (DbType = Int32), @p1='?' (DbType = Int32), @p2='?' (DbType = Int32), @p3='?' (DbType = Int32)], CommandType='Text', CommandTimeout='30']
      SET IMPLICIT_TRANSACTIONS OFF;
      SET NOCOUNT ON;
      MERGE [MessageReadStatuses] USING (
      VALUES (@p0, @p1, 0),
      (@p2, @p3, 1)) AS i ([MessageId], [UserId], _Position) ON 1=0
      WHEN NOT MATCHED THEN
      INSERT ([MessageId], [UserId])
      VALUES (i.[MessageId], i.[UserId])
      OUTPUT INSERTED.[Id], i._Position;
info: Microsoft.EntityFrameworkCore.Database.Command[20101]
      Executed DbCommand (1ms) [Parameters=[], CommandType='Text', CommandTimeout='30']
      SELECT [u].[Id], [u].[Name], [u].[Email], [u].[NationalId], [u].[Role], [u].[Avatar], [u].[DepartmentId]
      FROM [Users] AS [u]
info: Microsoft.EntityFrameworkCore.Database.Command[20101]
      Executed DbCommand (1ms) [Parameters=[@__p_1='?' (DbType = Int32), @__userId_0='?' (DbType = Int32)], CommandType='Text', CommandTimeout='30']
      SELECT TOP(@__p_1) [n].[Id], [n].[Body], [n].[CreatedAt], [n].[IsRead], [n].[Title], [n].[UserId]
      FROM [Notifications] AS [n]
      WHERE [n].[UserId] = @__userId_0
      ORDER BY [n].[CreatedAt] DESC
info: Microsoft.EntityFrameworkCore.Database.Command[20101]
      Executed DbCommand (1ms) [Parameters=[@__departmentId_Value_0='?' (DbType = Int32)], CommandType='Text', CommandTimeout='30']
      SELECT [i].[Id], [i].[CommitteeType], [i].[CreatedAt], [i].[CreatedById], [i].[DepartmentId], [i].[Description], [i].[DueDate], [i].[Importance], [i].[ItemNumber], [i].[Status], [i].[Title], [i].[Type], [i].[UpdatedAt], [i0].[Id], [i0].[ItemId], [i0].[UserId], [i1].[Id], [i1].[ItemId], [i1].[UserId]
      FROM [Items] AS [i]
      LEFT JOIN [ItemMembers] AS [i0] ON [i].[Id] = [i0].[ItemId]
      LEFT JOIN [ItemAssignees] AS [i1] ON [i].[Id] = [i1].[ItemId]
      WHERE [i].[DepartmentId] = @__departmentId_Value_0
      ORDER BY [i].[Id], [i0].[Id]
info: Microsoft.EntityFrameworkCore.Database.Command[20101]
      Executed DbCommand (1ms) [Parameters=[], CommandType='Text', CommandTimeout='30']
      SELECT [u].[Id], [u].[Name], [u].[Email], [u].[NationalId], [u].[Role], [u].[Avatar], [u].[DepartmentId]
      FROM [Users] AS [u]
info: Microsoft.EntityFrameworkCore.Database.Command[20101]
      Executed DbCommand (11ms) [Parameters=[@__userId_0='?' (DbType = Int32)], CommandType='Text', CommandTimeout='30']
      SELECT [c].[ItemId], COUNT(*) AS [Count]
      FROM [ChatMessages] AS [c]
      WHERE NOT EXISTS (
          SELECT 1
          FROM [MessageReadStatuses] AS [m]
          WHERE [m].[MessageId] = [c].[Id] AND [m].[UserId] = @__userId_0)
      GROUP BY [c].[ItemId]
info: Microsoft.EntityFrameworkCore.Database.Command[20101]
      Executed DbCommand (1ms) [Parameters=[@__p_1='?' (DbType = Int32), @__userId_0='?' (DbType = Int32)], CommandType='Text', CommandTimeout='30']
      SELECT TOP(@__p_1) [n].[Id], [n].[Body], [n].[CreatedAt], [n].[IsRead], [n].[Title], [n].[UserId]
      FROM [Notifications] AS [n]
      WHERE [n].[UserId] = @__userId_0
      ORDER BY [n].[CreatedAt] DESC
info: Microsoft.EntityFrameworkCore.Database.Command[20101]
      Executed DbCommand (1ms) [Parameters=[@__departmentId_Value_0='?' (DbType = Int32)], CommandType='Text', CommandTimeout='30']
      SELECT [i].[Id], [i].[CommitteeType], [i].[CreatedAt], [i].[CreatedById], [i].[DepartmentId], [i].[Description], [i].[DueDate], [i].[Importance], [i].[ItemNumber], [i].[Status], [i].[Title], [i].[Type], [i].[UpdatedAt], [i0].[Id], [i0].[ItemId], [i0].[UserId], [i1].[Id], [i1].[ItemId], [i1].[UserId]
      FROM [Items] AS [i]
      LEFT JOIN [ItemMembers] AS [i0] ON [i].[Id] = [i0].[ItemId]
      LEFT JOIN [ItemAssignees] AS [i1] ON [i].[Id] = [i1].[ItemId]
      WHERE [i].[DepartmentId] = @__departmentId_Value_0
      ORDER BY [i].[Id], [i0].[Id]
info: Microsoft.EntityFrameworkCore.Database.Command[20101]
      Executed DbCommand (1ms) [Parameters=[@__userId_0='?' (DbType = Int32)], CommandType='Text', CommandTimeout='30']
      SELECT [c].[ItemId], COUNT(*) AS [Count]
      FROM [ChatMessages] AS [c]
      WHERE NOT EXISTS (
          SELECT 1
          FROM [MessageReadStatuses] AS [m]
          WHERE [m].[MessageId] = [c].[Id] AND [m].[UserId] = @__userId_0)
      GROUP BY [c].[ItemId]
info: Microsoft.EntityFrameworkCore.Database.Command[20101]
      Executed DbCommand (1ms) [Parameters=[], CommandType='Text', CommandTimeout='30']
      SELECT [u].[Id], [u].[Name], [u].[Email], [u].[NationalId], [u].[Role], [u].[Avatar], [u].[DepartmentId]
      FROM [Users] AS [u]
info: Microsoft.EntityFrameworkCore.Database.Command[20101]
      Executed DbCommand (1ms) [Parameters=[@__p_1='?' (DbType = Int32), @__userId_0='?' (DbType = Int32)], CommandType='Text', CommandTimeout='30']
      SELECT TOP(@__p_1) [n].[Id], [n].[Body], [n].[CreatedAt], [n].[IsRead], [n].[Title], [n].[UserId]
      FROM [Notifications] AS [n]
      WHERE [n].[UserId] = @__userId_0
      ORDER BY [n].[CreatedAt] DESC
info: Microsoft.EntityFrameworkCore.Database.Command[20101]
      Executed DbCommand (1ms) [Parameters=[@__loginDto_Email_0='?' (Size = 100)], CommandType='Text', CommandTimeout='30']
      SELECT TOP(1) [u].[Id], [u].[Avatar], [u].[DepartmentId], [u].[Email], [u].[Name], [u].[NationalId], [u].[Role]
      FROM [Users] AS [u]
      WHERE [u].[Email] = @__loginDto_Email_0
info: Microsoft.EntityFrameworkCore.Database.Command[20101]
      Executed DbCommand (1ms) [Parameters=[], CommandType='Text', CommandTimeout='30']
      SELECT [u].[Id], [u].[Name], [u].[Email], [u].[NationalId], [u].[Role], [u].[Avatar], [u].[DepartmentId]
      FROM [Users] AS [u]
info: Microsoft.EntityFrameworkCore.Database.Command[20101]
      Executed DbCommand (1ms) [Parameters=[@p0='?' (Size = 20), @p1='?' (DbType = DateTime2), @p2='?' (DbType = Int32), @p3='?' (DbType = Int32), @p4='?' (Size = 4000), @p5='?' (DbType = DateTime2), @p6='?' (Size = 20), @p7='?' (Size = 20), @p8='?' (Size = 20), @p9='?' (Size = 200), @p10='?' (Size = 20), @p11='?' (DbType = DateTime2)], CommandType='Text', CommandTimeout='30']
      SET IMPLICIT_TRANSACTIONS OFF;
      SET NOCOUNT ON;
      INSERT INTO [Items] ([CommitteeType], [CreatedAt], [CreatedById], [DepartmentId], [Description], [DueDate], [Importance], [ItemNumber], [Status], [Title], [Type], [UpdatedAt])
      OUTPUT INSERTED.[Id]
      VALUES (@p0, @p1, @p2, @p3, @p4, @p5, @p6, @p7, @p8, @p9, @p10, @p11);
info: Microsoft.EntityFrameworkCore.Database.Command[20101]
      Executed DbCommand (1ms) [Parameters=[@p12='?' (DbType = Int32), @p13='?' (DbType = Int32), @p14='?' (DbType = Int32), @p15='?' (DbType = Int32), @p16='?' (DbType = Int32), @p17='?' (DbType = Int32)], CommandType='Text', CommandTimeout='30']
      SET NOCOUNT ON;
      INSERT INTO [ItemAssignees] ([ItemId], [UserId])
      OUTPUT INSERTED.[Id]
      VALUES (@p12, @p13);
      MERGE [ItemMembers] USING (
      VALUES (@p14, @p15, 0),
      (@p16, @p17, 1)) AS i ([ItemId], [UserId], _Position) ON 1=0
      WHEN NOT MATCHED THEN
      INSERT ([ItemId], [UserId])
      VALUES (i.[ItemId], i.[UserId])
      OUTPUT INSERTED.[Id], i._Position;
info: Microsoft.EntityFrameworkCore.Database.Command[20101]
      Executed DbCommand (2ms) [Parameters=[@p0='?' (DbType = DateTime2), @p1='?' (DbType = Int32), @p2='?' (Size = 4000), @p3='?' (Size = 50), @p4='?' (DbType = Int32)], CommandType='Text', CommandTimeout='30']
      SET IMPLICIT_TRANSACTIONS OFF;
      SET NOCOUNT ON;
      INSERT INTO [AuditEvents] ([CreatedAt], [ItemId], [MetaData], [Type], [UserId])
      OUTPUT INSERTED.[Id]
      VALUES (@p0, @p1, @p2, @p3, @p4);
info: Microsoft.EntityFrameworkCore.Database.Command[20101]
      Executed DbCommand (1ms) [Parameters=[@p0='?' (Size = 20), @p1='?' (DbType = DateTime2), @p2='?' (DbType = Int32), @p3='?' (DbType = Int32), @p4='?' (Size = 4000), @p5='?' (DbType = DateTime2), @p6='?' (Size = 20), @p7='?' (Size = 20), @p8='?' (Size = 20), @p9='?' (Size = 200), @p10='?' (Size = 20), @p11='?' (DbType = DateTime2)], CommandType='Text', CommandTimeout='30']
      SET IMPLICIT_TRANSACTIONS OFF;
      SET NOCOUNT ON;
      INSERT INTO [Items] ([CommitteeType], [CreatedAt], [CreatedById], [DepartmentId], [Description], [DueDate], [Importance], [ItemNumber], [Status], [Title], [Type], [UpdatedAt])
      OUTPUT INSERTED.[Id]
      VALUES (@p0, @p1, @p2, @p3, @p4, @p5, @p6, @p7, @p8, @p9, @p10, @p11);
info: Microsoft.EntityFrameworkCore.Database.Command[20101]
      Executed DbCommand (10ms) [Parameters=[@p12='?' (DbType = Int32), @p13='?' (DbType = Int32), @p14='?' (DbType = Int32), @p15='?' (DbType = Int32), @p16='?' (DbType = Int32), @p17='?' (DbType = Int32), @p18='?' (DbType = Int32), @p19='?' (DbType = Int32), @p20='?' (DbType = Int32), @p21='?' (DbType = Int32)], CommandType='Text', CommandTimeout='30']
      SET NOCOUNT ON;
      MERGE [ItemAssignees] USING (
      VALUES (@p12, @p13, 0),
      (@p14, @p15, 1)) AS i ([ItemId], [UserId], _Position) ON 1=0
      WHEN NOT MATCHED THEN
      INSERT ([ItemId], [UserId])
      VALUES (i.[ItemId], i.[UserId])
      OUTPUT INSERTED.[Id], i._Position;
      MERGE [ItemMembers] USING (
      VALUES (@p16, @p17, 0),
      (@p18, @p19, 1),
      (@p20, @p21, 2)) AS i ([ItemId], [UserId], _Position) ON 1=0
      WHEN NOT MATCHED THEN
      INSERT ([ItemId], [UserId])
      VALUES (i.[ItemId], i.[UserId])
      OUTPUT INSERTED.[Id], i._Position;
info: Microsoft.EntityFrameworkCore.Database.Command[20101]
      Executed DbCommand (2ms) [Parameters=[@p0='?' (DbType = DateTime2), @p1='?' (DbType = Int32), @p2='?' (Size = 4000), @p3='?' (Size = 50), @p4='?' (DbType = Int32)], CommandType='Text', CommandTimeout='30']
      SET IMPLICIT_TRANSACTIONS OFF;
      SET NOCOUNT ON;
      INSERT INTO [AuditEvents] ([CreatedAt], [ItemId], [MetaData], [Type], [UserId])
      OUTPUT INSERTED.[Id]
      VALUES (@p0, @p1, @p2, @p3, @p4);
info: Microsoft.EntityFrameworkCore.Database.Command[20101]
      Executed DbCommand (1ms) [Parameters=[@p0='?' (Size = 20), @p1='?' (DbType = DateTime2), @p2='?' (DbType = Int32), @p3='?' (DbType = Int32), @p4='?' (Size = 4000), @p5='?' (DbType = DateTime2), @p6='?' (Size = 20), @p7='?' (Size = 20), @p8='?' (Size = 20), @p9='?' (Size = 200), @p10='?' (Size = 20), @p11='?' (DbType = DateTime2)], CommandType='Text', CommandTimeout='30']
      SET IMPLICIT_TRANSACTIONS OFF;
      SET NOCOUNT ON;
      INSERT INTO [Items] ([CommitteeType], [CreatedAt], [CreatedById], [DepartmentId], [Description], [DueDate], [Importance], [ItemNumber], [Status], [Title], [Type], [UpdatedAt])
      OUTPUT INSERTED.[Id]
      VALUES (@p0, @p1, @p2, @p3, @p4, @p5, @p6, @p7, @p8, @p9, @p10, @p11);
info: Microsoft.EntityFrameworkCore.Database.Command[20101]
      Executed DbCommand (1ms) [Parameters=[@p12='?' (DbType = Int32), @p13='?' (DbType = Int32), @p14='?' (DbType = Int32), @p15='?' (DbType = Int32), @p16='?' (DbType = Int32), @p17='?' (DbType = Int32)], CommandType='Text', CommandTimeout='30']
      SET NOCOUNT ON;
      INSERT INTO [ItemAssignees] ([ItemId], [UserId])
      OUTPUT INSERTED.[Id]
      VALUES (@p12, @p13);
      MERGE [ItemMembers] USING (
      VALUES (@p14, @p15, 0),
      (@p16, @p17, 1)) AS i ([ItemId], [UserId], _Position) ON 1=0
      WHEN NOT MATCHED THEN
      INSERT ([ItemId], [UserId])
      VALUES (i.[ItemId], i.[UserId])
      OUTPUT INSERTED.[Id], i._Position;
info: Microsoft.EntityFrameworkCore.Database.Command[20101]
      Executed DbCommand (1ms) [Parameters=[@p0='?' (DbType = DateTime2), @p1='?' (DbType = Int32), @p2='?' (Size = 4000), @p3='?' (Size = 50), @p4='?' (DbType = Int32)], CommandType='Text', CommandTimeout='30']
      SET IMPLICIT_TRANSACTIONS OFF;
      SET NOCOUNT ON;
      INSERT INTO [AuditEvents] ([CreatedAt], [ItemId], [MetaData], [Type], [UserId])
      OUTPUT INSERTED.[Id]
      VALUES (@p0, @p1, @p2, @p3, @p4);
info: Microsoft.EntityFrameworkCore.Database.Command[20101]
      Executed DbCommand (1ms) [Parameters=[@p0='?' (Size = 20), @p1='?' (DbType = DateTime2), @p2='?' (DbType = Int32), @p3='?' (DbType = Int32), @p4='?' (Size = 4000), @p5='?' (DbType = DateTime2), @p6='?' (Size = 20), @p7='?' (Size = 20), @p8='?' (Size = 20), @p9='?' (Size = 200), @p10='?' (Size = 20), @p11='?' (DbType = DateTime2)], CommandType='Text', CommandTimeout='30']
      SET IMPLICIT_TRANSACTIONS OFF;
      SET NOCOUNT ON;
      INSERT INTO [Items] ([CommitteeType], [CreatedAt], [CreatedById], [DepartmentId], [Description], [DueDate], [Importance], [ItemNumber], [Status], [Title], [Type], [UpdatedAt])
      OUTPUT INSERTED.[Id]
      VALUES (@p0, @p1, @p2, @p3, @p4, @p5, @p6, @p7, @p8, @p9, @p10, @p11);
info: Microsoft.EntityFrameworkCore.Database.Command[20101]
      Executed DbCommand (6ms) [Parameters=[@p12='?' (DbType = Int32), @p13='?' (DbType = Int32), @p14='?' (DbType = Int32), @p15='?' (DbType = Int32), @p16='?' (DbType = Int32), @p17='?' (DbType = Int32), @p18='?' (DbType = Int32), @p19='?' (DbType = Int32)], CommandType='Text', CommandTimeout='30']
      SET NOCOUNT ON;
      INSERT INTO [ItemAssignees] ([ItemId], [UserId])
      OUTPUT INSERTED.[Id]
      VALUES (@p12, @p13);
      MERGE [ItemMembers] USING (
      VALUES (@p14, @p15, 0),
      (@p16, @p17, 1),
      (@p18, @p19, 2)) AS i ([ItemId], [UserId], _Position) ON 1=0
      WHEN NOT MATCHED THEN
      INSERT ([ItemId], [UserId])
      VALUES (i.[ItemId], i.[UserId])
      OUTPUT INSERTED.[Id], i._Position;
info: Microsoft.EntityFrameworkCore.Database.Command[20101]
      Executed DbCommand (1ms) [Parameters=[@p0='?' (DbType = DateTime2), @p1='?' (DbType = Int32), @p2='?' (Size = 4000), @p3='?' (Size = 50), @p4='?' (DbType = Int32)], CommandType='Text', CommandTimeout='30']
      SET IMPLICIT_TRANSACTIONS OFF;
      SET NOCOUNT ON;
      INSERT INTO [AuditEvents] ([CreatedAt], [ItemId], [MetaData], [Type], [UserId])
      OUTPUT INSERTED.[Id]
      VALUES (@p0, @p1, @p2, @p3, @p4);
info: Microsoft.EntityFrameworkCore.Database.Command[20101]
      Executed DbCommand (1ms) [Parameters=[@p0='?' (Size = 20), @p1='?' (DbType = DateTime2), @p2='?' (DbType = Int32), @p3='?' (DbType = Int32), @p4='?' (Size = 4000), @p5='?' (DbType = DateTime2), @p6='?' (Size = 20), @p7='?' (Size = 20), @p8='?' (Size = 20), @p9='?' (Size = 200), @p10='?' (Size = 20), @p11='?' (DbType = DateTime2)], CommandType='Text', CommandTimeout='30']
      SET IMPLICIT_TRANSACTIONS OFF;
      SET NOCOUNT ON;
      INSERT INTO [Items] ([CommitteeType], [CreatedAt], [CreatedById], [DepartmentId], [Description], [DueDate], [Importance], [ItemNumber], [Status], [Title], [Type], [UpdatedAt])
      OUTPUT INSERTED.[Id]
      VALUES (@p0, @p1, @p2, @p3, @p4, @p5, @p6, @p7, @p8, @p9, @p10, @p11);
info: Microsoft.EntityFrameworkCore.Database.Command[20101]
      Executed DbCommand (1ms) [Parameters=[@p12='?' (DbType = Int32), @p13='?' (DbType = Int32), @p14='?' (DbType = Int32), @p15='?' (DbType = Int32)], CommandType='Text', CommandTimeout='30']
      SET NOCOUNT ON;
      INSERT INTO [ItemAssignees] ([ItemId], [UserId])
      OUTPUT INSERTED.[Id]
      VALUES (@p12, @p13);
      INSERT INTO [ItemMembers] ([ItemId], [UserId])
      OUTPUT INSERTED.[Id]
      VALUES (@p14, @p15);
info: Microsoft.EntityFrameworkCore.Database.Command[20101]
      Executed DbCommand (1ms) [Parameters=[@p0='?' (DbType = DateTime2), @p1='?' (DbType = Int32), @p2='?' (Size = 4000), @p3='?' (Size = 50), @p4='?' (DbType = Int32)], CommandType='Text', CommandTimeout='30']
      SET IMPLICIT_TRANSACTIONS OFF;
      SET NOCOUNT ON;
      INSERT INTO [AuditEvents] ([CreatedAt], [ItemId], [MetaData], [Type], [UserId])
      OUTPUT INSERTED.[Id]
      VALUES (@p0, @p1, @p2, @p3, @p4);
info: Microsoft.EntityFrameworkCore.Database.Command[20101]
      Executed DbCommand (1ms) [Parameters=[@p0='?' (Size = 20), @p1='?' (DbType = DateTime2), @p2='?' (DbType = Int32), @p3='?' (DbType = Int32), @p4='?' (Size = 4000), @p5='?' (DbType = DateTime2), @p6='?' (Size = 20), @p7='?' (Size = 20), @p8='?' (Size = 20), @p9='?' (Size = 200), @p10='?' (Size = 20), @p11='?' (DbType = DateTime2)], CommandType='Text', CommandTimeout='30']
      SET IMPLICIT_TRANSACTIONS OFF;
      SET NOCOUNT ON;
      INSERT INTO [Items] ([CommitteeType], [CreatedAt], [CreatedById], [DepartmentId], [Description], [DueDate], [Importance], [ItemNumber], [Status], [Title], [Type], [UpdatedAt])
      OUTPUT INSERTED.[Id]
      VALUES (@p0, @p1, @p2, @p3, @p4, @p5, @p6, @p7, @p8, @p9, @p10, @p11);
info: Microsoft.EntityFrameworkCore.Database.Command[20101]
      Executed DbCommand (9ms) [Parameters=[@p12='?' (DbType = Int32), @p13='?' (DbType = Int32), @p14='?' (DbType = Int32), @p15='?' (DbType = Int32), @p16='?' (DbType = Int32), @p17='?' (DbType = Int32), @p18='?' (DbType = Int32), @p19='?' (DbType = Int32), @p20='?' (DbType = Int32), @p21='?' (DbType = Int32), @p22='?' (DbType = Int32), @p23='?' (DbType = Int32)], CommandType='Text', CommandTimeout='30']
      SET NOCOUNT ON;
      MERGE [ItemAssignees] USING (
      VALUES (@p12, @p13, 0),
      (@p14, @p15, 1),
      (@p16, @p17, 2)) AS i ([ItemId], [UserId], _Position) ON 1=0
      WHEN NOT MATCHED THEN
      INSERT ([ItemId], [UserId])
      VALUES (i.[ItemId], i.[UserId])
      OUTPUT INSERTED.[Id], i._Position;
      MERGE [ItemMembers] USING (
      VALUES (@p18, @p19, 0),
      (@p20, @p21, 1),
      (@p22, @p23, 2)) AS i ([ItemId], [UserId], _Position) ON 1=0
      WHEN NOT MATCHED THEN
      INSERT ([ItemId], [UserId])
      VALUES (i.[ItemId], i.[UserId])
      OUTPUT INSERTED.[Id], i._Position;
info: Microsoft.EntityFrameworkCore.Database.Command[20101]
      Executed DbCommand (1ms) [Parameters=[@p0='?' (DbType = DateTime2), @p1='?' (DbType = Int32), @p2='?' (Size = 4000), @p3='?' (Size = 50), @p4='?' (DbType = Int32)], CommandType='Text', CommandTimeout='30']
      SET IMPLICIT_TRANSACTIONS OFF;
      SET NOCOUNT ON;
      INSERT INTO [AuditEvents] ([CreatedAt], [ItemId], [MetaData], [Type], [UserId])
      OUTPUT INSERTED.[Id]
      VALUES (@p0, @p1, @p2, @p3, @p4);
info: Microsoft.EntityFrameworkCore.Database.Command[20101]
      Executed DbCommand (1ms) [Parameters=[@p0='?' (Size = 20), @p1='?' (DbType = DateTime2), @p2='?' (DbType = Int32), @p3='?' (DbType = Int32), @p4='?' (Size = 4000), @p5='?' (DbType = DateTime2), @p6='?' (Size = 20), @p7='?' (Size = 20), @p8='?' (Size = 20), @p9='?' (Size = 200), @p10='?' (Size = 20), @p11='?' (DbType = DateTime2)], CommandType='Text', CommandTimeout='30']
      SET IMPLICIT_TRANSACTIONS OFF;
      SET NOCOUNT ON;
      INSERT INTO [Items] ([CommitteeType], [CreatedAt], [CreatedById], [DepartmentId], [Description], [DueDate], [Importance], [ItemNumber], [Status], [Title], [Type], [UpdatedAt])
      OUTPUT INSERTED.[Id]
      VALUES (@p0, @p1, @p2, @p3, @p4, @p5, @p6, @p7, @p8, @p9, @p10, @p11);
info: Microsoft.EntityFrameworkCore.Database.Command[20101]
      Executed DbCommand (1ms) [Parameters=[@p12='?' (DbType = Int32), @p13='?' (DbType = Int32), @p14='?' (DbType = Int32), @p15='?' (DbType = Int32), @p16='?' (DbType = Int32), @p17='?' (DbType = Int32)], CommandType='Text', CommandTimeout='30']
      SET NOCOUNT ON;
      INSERT INTO [ItemAssignees] ([ItemId], [UserId])
      OUTPUT INSERTED.[Id]
      VALUES (@p12, @p13);
      MERGE [ItemMembers] USING (
      VALUES (@p14, @p15, 0),
      (@p16, @p17, 1)) AS i ([ItemId], [UserId], _Position) ON 1=0
      WHEN NOT MATCHED THEN
      INSERT ([ItemId], [UserId])
      VALUES (i.[ItemId], i.[UserId])
      OUTPUT INSERTED.[Id], i._Position;
info: Microsoft.EntityFrameworkCore.Database.Command[20101]
      Executed DbCommand (1ms) [Parameters=[@p0='?' (DbType = DateTime2), @p1='?' (DbType = Int32), @p2='?' (Size = 4000), @p3='?' (Size = 50), @p4='?' (DbType = Int32)], CommandType='Text', CommandTimeout='30']
      SET IMPLICIT_TRANSACTIONS OFF;
      SET NOCOUNT ON;
      INSERT INTO [AuditEvents] ([CreatedAt], [ItemId], [MetaData], [Type], [UserId])
      OUTPUT INSERTED.[Id]
      VALUES (@p0, @p1, @p2, @p3, @p4);
info: Microsoft.EntityFrameworkCore.Database.Command[20101]
      Executed DbCommand (1ms) [Parameters=[@p0='?' (Size = 20), @p1='?' (DbType = DateTime2), @p2='?' (DbType = Int32), @p3='?' (DbType = Int32), @p4='?' (Size = 4000), @p5='?' (DbType = DateTime2), @p6='?' (Size = 20), @p7='?' (Size = 20), @p8='?' (Size = 20), @p9='?' (Size = 200), @p10='?' (Size = 20), @p11='?' (DbType = DateTime2)], CommandType='Text', CommandTimeout='30']
      SET IMPLICIT_TRANSACTIONS OFF;
      SET NOCOUNT ON;
      INSERT INTO [Items] ([CommitteeType], [CreatedAt], [CreatedById], [DepartmentId], [Description], [DueDate], [Importance], [ItemNumber], [Status], [Title], [Type], [UpdatedAt])
      OUTPUT INSERTED.[Id]
      VALUES (@p0, @p1, @p2, @p3, @p4, @p5, @p6, @p7, @p8, @p9, @p10, @p11);
info: Microsoft.EntityFrameworkCore.Database.Command[20101]
      Executed DbCommand (1ms) [Parameters=[@p12='?' (DbType = Int32), @p13='?' (DbType = Int32), @p14='?' (DbType = Int32), @p15='?' (DbType = Int32), @p16='?' (DbType = Int32), @p17='?' (DbType = Int32), @p18='?' (DbType = Int32), @p19='?' (DbType = Int32), @p20='?' (DbType = Int32), @p21='?' (DbType = Int32)], CommandType='Text', CommandTimeout='30']
      SET NOCOUNT ON;
      MERGE [ItemAssignees] USING (
      VALUES (@p12, @p13, 0),
      (@p14, @p15, 1)) AS i ([ItemId], [UserId], _Position) ON 1=0
      WHEN NOT MATCHED THEN
      INSERT ([ItemId], [UserId])
      VALUES (i.[ItemId], i.[UserId])
      OUTPUT INSERTED.[Id], i._Position;
      MERGE [ItemMembers] USING (
      VALUES (@p16, @p17, 0),
      (@p18, @p19, 1),
      (@p20, @p21, 2)) AS i ([ItemId], [UserId], _Position) ON 1=0
      WHEN NOT MATCHED THEN
      INSERT ([ItemId], [UserId])
      VALUES (i.[ItemId], i.[UserId])
      OUTPUT INSERTED.[Id], i._Position;
info: Microsoft.EntityFrameworkCore.Database.Command[20101]
      Executed DbCommand (1ms) [Parameters=[@p0='?' (DbType = DateTime2), @p1='?' (DbType = Int32), @p2='?' (Size = 4000), @p3='?' (Size = 50), @p4='?' (DbType = Int32)], CommandType='Text', CommandTimeout='30']
      SET IMPLICIT_TRANSACTIONS OFF;
      SET NOCOUNT ON;
      INSERT INTO [AuditEvents] ([CreatedAt], [ItemId], [MetaData], [Type], [UserId])
      OUTPUT INSERTED.[Id]
      VALUES (@p0, @p1, @p2, @p3, @p4);
info: Microsoft.EntityFrameworkCore.Database.Command[20101]
      Executed DbCommand (1ms) [Parameters=[@p0='?' (Size = 20), @p1='?' (DbType = DateTime2), @p2='?' (DbType = Int32), @p3='?' (DbType = Int32), @p4='?' (Size = 4000), @p5='?' (DbType = DateTime2), @p6='?' (Size = 20), @p7='?' (Size = 20), @p8='?' (Size = 20), @p9='?' (Size = 200), @p10='?' (Size = 20), @p11='?' (DbType = DateTime2)], CommandType='Text', CommandTimeout='30']
      SET IMPLICIT_TRANSACTIONS OFF;
      SET NOCOUNT ON;
      INSERT INTO [Items] ([CommitteeType], [CreatedAt], [CreatedById], [DepartmentId], [Description], [DueDate], [Importance], [ItemNumber], [Status], [Title], [Type], [UpdatedAt])
      OUTPUT INSERTED.[Id]
      VALUES (@p0, @p1, @p2, @p3, @p4, @p5, @p6, @p7, @p8, @p9, @p10, @p11);
info: Microsoft.EntityFrameworkCore.Database.Command[20101]
      Executed DbCommand (1ms) [Parameters=[@p12='?' (DbType = Int32), @p13='?' (DbType = Int32), @p14='?' (DbType = Int32), @p15='?' (DbType = Int32), @p16='?' (DbType = Int32), @p17='?' (DbType = Int32), @p18='?' (DbType = Int32), @p19='?' (DbType = Int32), @p20='?' (DbType = Int32), @p21='?' (DbType = Int32), @p22='?' (DbType = Int32), @p23='?' (DbType = Int32)], CommandType='Text', CommandTimeout='30']
      SET NOCOUNT ON;
      MERGE [ItemAssignees] USING (
      VALUES (@p12, @p13, 0),
      (@p14, @p15, 1),
      (@p16, @p17, 2)) AS i ([ItemId], [UserId], _Position) ON 1=0
      WHEN NOT MATCHED THEN
      INSERT ([ItemId], [UserId])
      VALUES (i.[ItemId], i.[UserId])
      OUTPUT INSERTED.[Id], i._Position;
      MERGE [ItemMembers] USING (
      VALUES (@p18, @p19, 0),
      (@p20, @p21, 1),
      (@p22, @p23, 2)) AS i ([ItemId], [UserId], _Position) ON 1=0
      WHEN NOT MATCHED THEN
      INSERT ([ItemId], [UserId])
      VALUES (i.[ItemId], i.[UserId])
      OUTPUT INSERTED.[Id], i._Position;
info: Microsoft.EntityFrameworkCore.Database.Command[20101]
      Executed DbCommand (1ms) [Parameters=[@p0='?' (DbType = DateTime2), @p1='?' (DbType = Int32), @p2='?' (Size = 4000), @p3='?' (Size = 50), @p4='?' (DbType = Int32)], CommandType='Text', CommandTimeout='30']
      SET IMPLICIT_TRANSACTIONS OFF;
      SET NOCOUNT ON;
      INSERT INTO [AuditEvents] ([CreatedAt], [ItemId], [MetaData], [Type], [UserId])
      OUTPUT INSERTED.[Id]
      VALUES (@p0, @p1, @p2, @p3, @p4);
info: Microsoft.EntityFrameworkCore.Database.Command[20101]
      Executed DbCommand (2ms) [Parameters=[@__departmentId_Value_0='?' (DbType = Int32)], CommandType='Text', CommandTimeout='30']
      SELECT [i].[Id], [i].[CommitteeType], [i].[CreatedAt], [i].[CreatedById], [i].[DepartmentId], [i].[Description], [i].[DueDate], [i].[Importance], [i].[ItemNumber], [i].[Status], [i].[Title], [i].[Type], [i].[UpdatedAt], [i0].[Id], [i0].[ItemId], [i0].[UserId], [i1].[Id], [i1].[ItemId], [i1].[UserId]
      FROM [Items] AS [i]
      LEFT JOIN [ItemMembers] AS [i0] ON [i].[Id] = [i0].[ItemId]
      LEFT JOIN [ItemAssignees] AS [i1] ON [i].[Id] = [i1].[ItemId]
      WHERE [i].[DepartmentId] = @__departmentId_Value_0
      ORDER BY [i].[Id], [i0].[Id]
info: Microsoft.EntityFrameworkCore.Database.Command[20101]
      Executed DbCommand (1ms) [Parameters=[@__userId_0='?' (DbType = Int32)], CommandType='Text', CommandTimeout='30']
      SELECT [c].[ItemId], COUNT(*) AS [Count]
      FROM [ChatMessages] AS [c]
      WHERE NOT EXISTS (
          SELECT 1
          FROM [MessageReadStatuses] AS [m]
          WHERE [m].[MessageId] = [c].[Id] AND [m].[UserId] = @__userId_0)
      GROUP BY [c].[ItemId]
info: Microsoft.EntityFrameworkCore.Database.Command[20101]
      Executed DbCommand (2ms) [Parameters=[], CommandType='Text', CommandTimeout='30']
      SELECT [u].[Id], [u].[Name], [u].[Email], [u].[NationalId], [u].[Role], [u].[Avatar], [u].[DepartmentId]
      FROM [Users] AS [u]
info: Microsoft.EntityFrameworkCore.Database.Command[20101]
      Executed DbCommand (1ms) [Parameters=[@__p_1='?' (DbType = Int32), @__userId_0='?' (DbType = Int32)], CommandType='Text', CommandTimeout='30']
      SELECT TOP(@__p_1) [n].[Id], [n].[Body], [n].[CreatedAt], [n].[IsRead], [n].[Title], [n].[UserId]
      FROM [Notifications] AS [n]
      WHERE [n].[UserId] = @__userId_0
      ORDER BY [n].[CreatedAt] DESC
info: Microsoft.EntityFrameworkCore.Database.Command[20101]
      Executed DbCommand (2ms) [Parameters=[@__departmentId_Value_0='?' (DbType = Int32)], CommandType='Text', CommandTimeout='30']
      SELECT [i].[Id], [i].[CommitteeType], [i].[CreatedAt], [i].[CreatedById], [i].[DepartmentId], [i].[Description], [i].[DueDate], [i].[Importance], [i].[ItemNumber], [i].[Status], [i].[Title], [i].[Type], [i].[UpdatedAt], [i0].[Id], [i0].[ItemId], [i0].[UserId], [i1].[Id], [i1].[ItemId], [i1].[UserId]
      FROM [Items] AS [i]
      LEFT JOIN [ItemMembers] AS [i0] ON [i].[Id] = [i0].[ItemId]
      LEFT JOIN [ItemAssignees] AS [i1] ON [i].[Id] = [i1].[ItemId]
      WHERE [i].[DepartmentId] = @__departmentId_Value_0
      ORDER BY [i].[Id], [i0].[Id]
info: Microsoft.EntityFrameworkCore.Database.Command[20101]
      Executed DbCommand (1ms) [Parameters=[@__userId_0='?' (DbType = Int32)], CommandType='Text', CommandTimeout='30']
      SELECT [c].[ItemId], COUNT(*) AS [Count]
      FROM [ChatMessages] AS [c]
      WHERE NOT EXISTS (
          SELECT 1
          FROM [MessageReadStatuses] AS [m]
          WHERE [m].[MessageId] = [c].[Id] AND [m].[UserId] = @__userId_0)
      GROUP BY [c].[ItemId]
info: Microsoft.EntityFrameworkCore.Database.Command[20101]
      Executed DbCommand (1ms) [Parameters=[], CommandType='Text', CommandTimeout='30']
      SELECT [u].[Id], [u].[Name], [u].[Email], [u].[NationalId], [u].[Role], [u].[Avatar], [u].[DepartmentId]
      FROM [Users] AS [u]
info: Microsoft.EntityFrameworkCore.Database.Command[20101]
      Executed DbCommand (1ms) [Parameters=[@__p_1='?' (DbType = Int32), @__userId_0='?' (DbType = Int32)], CommandType='Text', CommandTimeout='30']
      SELECT TOP(@__p_1) [n].[Id], [n].[Body], [n].[CreatedAt], [n].[IsRead], [n].[Title], [n].[UserId]
      FROM [Notifications] AS [n]
      WHERE [n].[UserId] = @__userId_0
      ORDER BY [n].[CreatedAt] DESC
info: Microsoft.EntityFrameworkCore.Database.Command[20101]
      Executed DbCommand (1ms) [Parameters=[@__departmentId_Value_0='?' (DbType = Int32)], CommandType='Text', CommandTimeout='30']
      SELECT [i].[Id], [i].[CommitteeType], [i].[CreatedAt], [i].[CreatedById], [i].[DepartmentId], [i].[Description], [i].[DueDate], [i].[Importance], [i].[ItemNumber], [i].[Status], [i].[Title], [i].[Type], [i].[UpdatedAt], [i0].[Id], [i0].[ItemId], [i0].[UserId], [i1].[Id], [i1].[ItemId], [i1].[UserId]
      FROM [Items] AS [i]
      LEFT JOIN [ItemMembers] AS [i0] ON [i].[Id] = [i0].[ItemId]
      LEFT JOIN [ItemAssignees] AS [i1] ON [i].[Id] = [i1].[ItemId]
      WHERE [i].[DepartmentId] = @__departmentId_Value_0
      ORDER BY [i].[Id], [i0].[Id]
info: Microsoft.EntityFrameworkCore.Database.Command[20101]
      Executed DbCommand (1ms) [Parameters=[@__userId_0='?' (DbType = Int32)], CommandType='Text', CommandTimeout='30']
      SELECT [c].[ItemId], COUNT(*) AS [Count]
      FROM [ChatMessages] AS [c]
      WHERE NOT EXISTS (
          SELECT 1
          FROM [MessageReadStatuses] AS [m]
          WHERE [m].[MessageId] = [c].[Id] AND [m].[UserId] = @__userId_0)
      GROUP BY [c].[ItemId]
info: Microsoft.EntityFrameworkCore.Database.Command[20101]
      Executed DbCommand (1ms) [Parameters=[], CommandType='Text', CommandTimeout='30']
      SELECT [u].[Id], [u].[Name], [u].[Email], [u].[NationalId], [u].[Role], [u].[Avatar], [u].[DepartmentId]
      FROM [Users] AS [u]
info: Microsoft.EntityFrameworkCore.Database.Command[20101]
      Executed DbCommand (2ms) [Parameters=[@__p_1='?' (DbType = Int32), @__userId_0='?' (DbType = Int32)], CommandType='Text', CommandTimeout='30']
      SELECT TOP(@__p_1) [n].[Id], [n].[Body], [n].[CreatedAt], [n].[IsRead], [n].[Title], [n].[UserId]
      FROM [Notifications] AS [n]
      WHERE [n].[UserId] = @__userId_0
      ORDER BY [n].[CreatedAt] DESC
info: Microsoft.EntityFrameworkCore.Database.Command[20101]
      Executed DbCommand (1ms) [Parameters=[@p0='?' (Size = 20), @p1='?' (DbType = DateTime2), @p2='?' (DbType = Int32), @p3='?' (DbType = Int32), @p4='?' (Size = 4000), @p5='?' (DbType = DateTime2), @p6='?' (Size = 20), @p7='?' (Size = 20), @p8='?' (Size = 20), @p9='?' (Size = 200), @p10='?' (Size = 20), @p11='?' (DbType = DateTime2)], CommandType='Text', CommandTimeout='30']
      SET IMPLICIT_TRANSACTIONS OFF;
      SET NOCOUNT ON;
      INSERT INTO [Items] ([CommitteeType], [CreatedAt], [CreatedById], [DepartmentId], [Description], [DueDate], [Importance], [ItemNumber], [Status], [Title], [Type], [UpdatedAt])
      OUTPUT INSERTED.[Id]
      VALUES (@p0, @p1, @p2, @p3, @p4, @p5, @p6, @p7, @p8, @p9, @p10, @p11);
info: Microsoft.EntityFrameworkCore.Database.Command[20101]
      Executed DbCommand (2ms) [Parameters=[@p12='?' (DbType = Int32), @p13='?' (DbType = Int32)], CommandType='Text', CommandTimeout='30']
      SET IMPLICIT_TRANSACTIONS OFF;
      SET NOCOUNT ON;
      INSERT INTO [ItemMembers] ([ItemId], [UserId])
      OUTPUT INSERTED.[Id]
      VALUES (@p12, @p13);
info: Microsoft.EntityFrameworkCore.Database.Command[20101]
      Executed DbCommand (1ms) [Parameters=[@p0='?' (DbType = DateTime2), @p1='?' (DbType = Int32), @p2='?' (Size = 4000), @p3='?' (Size = 50), @p4='?' (DbType = Int32)], CommandType='Text', CommandTimeout='30']
      SET IMPLICIT_TRANSACTIONS OFF;
      SET NOCOUNT ON;
      INSERT INTO [AuditEvents] ([CreatedAt], [ItemId], [MetaData], [Type], [UserId])
      OUTPUT INSERTED.[Id]
      VALUES (@p0, @p1, @p2, @p3, @p4);
info: Microsoft.EntityFrameworkCore.Database.Command[20101]
      Executed DbCommand (2ms) [Parameters=[@__departmentId_Value_0='?' (DbType = Int32)], CommandType='Text', CommandTimeout='30']
      SELECT [i].[Id], [i].[CommitteeType], [i].[CreatedAt], [i].[CreatedById], [i].[DepartmentId], [i].[Description], [i].[DueDate], [i].[Importance], [i].[ItemNumber], [i].[Status], [i].[Title], [i].[Type], [i].[UpdatedAt], [i0].[Id], [i0].[ItemId], [i0].[UserId], [i1].[Id], [i1].[ItemId], [i1].[UserId]
      FROM [Items] AS [i]
      LEFT JOIN [ItemMembers] AS [i0] ON [i].[Id] = [i0].[ItemId]
      LEFT JOIN [ItemAssignees] AS [i1] ON [i].[Id] = [i1].[ItemId]
      WHERE [i].[DepartmentId] = @__departmentId_Value_0
      ORDER BY [i].[Id], [i0].[Id]
info: Microsoft.EntityFrameworkCore.Database.Command[20101]
      Executed DbCommand (1ms) [Parameters=[], CommandType='Text', CommandTimeout='30']
      SELECT [u].[Id], [u].[Name], [u].[Email], [u].[NationalId], [u].[Role], [u].[Avatar], [u].[DepartmentId]
      FROM [Users] AS [u]
info: Microsoft.EntityFrameworkCore.Database.Command[20101]
      Executed DbCommand (1ms) [Parameters=[@__userId_0='?' (DbType = Int32)], CommandType='Text', CommandTimeout='30']
      SELECT [c].[ItemId], COUNT(*) AS [Count]
      FROM [ChatMessages] AS [c]
      WHERE NOT EXISTS (
          SELECT 1
          FROM [MessageReadStatuses] AS [m]
          WHERE [m].[MessageId] = [c].[Id] AND [m].[UserId] = @__userId_0)
      GROUP BY [c].[ItemId]
info: Microsoft.EntityFrameworkCore.Database.Command[20101]
      Executed DbCommand (2ms) [Parameters=[@__p_1='?' (DbType = Int32), @__userId_0='?' (DbType = Int32)], CommandType='Text', CommandTimeout='30']
      SELECT TOP(@__p_1) [n].[Id], [n].[Body], [n].[CreatedAt], [n].[IsRead], [n].[Title], [n].[UserId]
      FROM [Notifications] AS [n]
      WHERE [n].[UserId] = @__userId_0
      ORDER BY [n].[CreatedAt] DESC
info: Microsoft.EntityFrameworkCore.Database.Command[20101]
      Executed DbCommand (1ms) [Parameters=[@__p_1='?' (DbType = Int32), @__userId_0='?' (DbType = Int32)], CommandType='Text', CommandTimeout='30']
      SELECT TOP(@__p_1) [n].[Id], [n].[Body], [n].[CreatedAt], [n].[IsRead], [n].[Title], [n].[UserId]
      FROM [Notifications] AS [n]
      WHERE [n].[UserId] = @__userId_0
      ORDER BY [n].[CreatedAt] DESC
